Start testing: Apr 06 15:38 CST
----------------------------------------------------------
24/30 Testing: test_zoo_smb_transport_udp
24/30 Test: test_zoo_smb_transport_udp
Command: "/home/mozeat/zoo/build/bin/test_zoo_smb_transport_udp"
Directory: /home/mozeat/zoo/build/smb/tests
"test_zoo_smb_transport_udp" start time: Apr 06 15:38 CST
Output:
----------------------------------------------------------
/home/mozeat/zoo/smb/tests/integration/test_zoo_smb_transport_udp.c:311:test_InitializationTest:PASS
/home/mozeat/zoo/smb/tests/integration/test_zoo_smb_transport_udp.c:312:test_InvalidParametersTest:PASS
/home/mozeat/zoo/smb/tests/integration/test_zoo_smb_transport_udp.c:313:test_ServerStartStopTest:PASS
/home/mozeat/zoo/smb/tests/integration/test_zoo_smb_transport_udp.c:314:test_ClientStartStopTest:PASS
/home/mozeat/zoo/smb/tests/integration/test_zoo_smb_transport_udp.c:315:test_MessageSendingTest:PASS
/home/mozeat/zoo/smb/tests/integration/test_zoo_smb_transport_udp.c:316:test_ErrorConditionsTest:PASS
/home/mozeat/zoo/smb/tests/integration/test_zoo_smb_transport_udp.c:317:test_LargeMessageTest:PASS
/home/mozeat/zoo/smb/tests/integration/test_zoo_smb_transport_udp.c:318:test_ObserverTest:PASS

-----------------------
8 Tests 0 Failures 0 Ignored 
OK
<end of output>
Test time =   4.08 sec
----------------------------------------------------------
Test Passed.
"test_zoo_smb_transport_udp" end time: Apr 06 15:38 CST
"test_zoo_smb_transport_udp" time elapsed: 00:00:04
----------------------------------------------------------

1/30 Testing: ZooPlatformTests
1/30 Test: ZooPlatformTests
Command: "/home/mozeat/zoo/build/platform/tests/zoo_platform_tests"
Directory: /home/mozeat/zoo/build/platform/tests
"ZooPlatformTests" start time: Apr 06 15:38 CST
Output:
----------------------------------------------------------

=== ZOO Platform Test Suite ===
Platform: X86_64
OS: Linux
Version: 1.2.0
Threading Support: Yes
Embedded Mode: No
64-bit Platform: Yes
ARM Architecture: No
x86 Architecture: Yes
RT-Thread Test Mode: Disabled
Cache Line Size: 64 bytes
====================================

=== Running Basic Platform Tests ===
Platform: X86_64
OS: Linux
/home/mozeat/zoo/platform/tests/test_runner.c:100:test_platform_detection:PASS
Threading support: Yes
Embedded: No
/home/mozeat/zoo/platform/tests/test_runner.c:101:test_feature_flags:PASS
/home/mozeat/zoo/platform/tests/test_runner.c:102:test_boolean_definitions:PASS
/home/mozeat/zoo/platform/tests/test_runner.c:103:test_error_codes:PASS
/home/mozeat/zoo/platform/tests/test_runner.c:104:test_memory_alignment:PASS
Architecture - ARM: No, x86: Yes
Platform - 64-bit: Yes, 32-bit: No
/home/mozeat/zoo/platform/tests/test_runner.c:105:test_compiler_and_architecture:PASS
/home/mozeat/zoo/platform/tests/test_runner.c:106:test_type_sizes:PASS
/home/mozeat/zoo/platform/tests/test_runner.c:107:test_utility_macros:PASS

=== Running Threading Tests ===
/home/mozeat/zoo/platform/tests/test_runner.c:116:test_mutex_init_destroy:PASS
/home/mozeat/zoo/platform/tests/test_runner.c:117:test_mutex_lock_unlock:PASS
/home/mozeat/zoo/platform/tests/test_runner.c:118:test_condition_variable_init_destroy:PASS
/home/mozeat/zoo/platform/tests/test_runner.c:119:test_condition_variable_signal:PASS
/home/mozeat/zoo/platform/tests/test_runner.c:120:test_sleep_functions:PASS
Threading support available - running advanced tests
/home/mozeat/zoo/platform/tests/test_runner.c:124:test_thread_create_join:PASS
/home/mozeat/zoo/platform/tests/test_runner.c:125:test_multiple_threads:PASS
/home/mozeat/zoo/platform/tests/test_runner.c:126:test_condition_variable_wait_signal:PASS

=== Running Atomic Operation Tests ===
/home/mozeat/zoo/platform/tests/test_runner.c:138:test_atomic_boolean_operations:PASS
/home/mozeat/zoo/platform/tests/test_runner.c:139:test_atomic_size_t_operations:PASS
/home/mozeat/zoo/platform/tests/test_runner.c:140:test_atomic_integer_operations:PASS
/home/mozeat/zoo/platform/tests/test_runner.c:141:test_memory_ordering:PASS
Threading support available - running concurrent atomic tests
/home/mozeat/zoo/platform/tests/test_runner.c:145:test_concurrent_atomic_operations:PASS
/home/mozeat/zoo/platform/tests/test_runner.c:146:test_concurrent_compare_and_swap:PASS

=== Running Time Operation Tests ===
Time 1: 1775461124
Time 2: 1775461124
/home/mozeat/zoo/platform/tests/test_runner.c:158:test_basic_time_functions:PASS
Realtime NS 1: 1775461124749405643
Realtime NS 2: 1775461124749405687
Monotonic NS 1: 160555169506805
Monotonic NS 2: 160555169506831
/home/mozeat/zoo/platform/tests/test_runner.c:159:test_high_resolution_clock:PASS
Time difference: 0
/home/mozeat/zoo/platform/tests/test_runner.c:160:test_time_differences:PASS
ZOO duration (ns): 50881066
/home/mozeat/zoo/platform/tests/test_runner.c:161:test_nanosecond_precision:PASS
/home/mozeat/zoo/platform/tests/test_runner.c:162:test_sleep_functionality:PASS
Timeout occurred: No
Total duration: 2
/home/mozeat/zoo/platform/tests/test_runner.c:163:test_timeout_calculations:PASS
Current time (platform): 1775461126
Current time (ns): 1775461126696090416
/home/mozeat/zoo/platform/tests/test_runner.c:164:test_time_conversion_consistency:PASS
/home/mozeat/zoo/platform/tests/test_runner.c:165:test_clock_consistency:PASS

=== Running RT-Thread Specific Tests ===
RT-Thread test mode not enabled
RT-Thread test mode not enabled. Define TEST_RTTHREAD_MODE to run RT-Thread specific tests.
/home/mozeat/zoo/platform/tests/test_runner.c:185:test_rtthread_mode_not_enabled:PASS

=== Test Summary ===

-----------------------
31 Tests 0 Failures 0 Ignored 
OK
<end of output>
Test time =   2.23 sec
----------------------------------------------------------
Test Passed.
"ZooPlatformTests" end time: Apr 06 15:38 CST
"ZooPlatformTests" time elapsed: 00:00:02
----------------------------------------------------------

3/30 Testing: zoo_dispatcher_integration_tests
3/30 Test: zoo_dispatcher_integration_tests
Command: "/home/mozeat/zoo/build/dispatcher/tests/zoo_dispatcher_tests" "--integration"
Directory: /home/mozeat/zoo/build/dispatcher/tests
"zoo_dispatcher_integration_tests" start time: Apr 06 15:38 CST
Output:
----------------------------------------------------------
ZOO Dispatcher Test Suite
========================
Test environment initialized successfully

=== Starting Test Suite: Message Processing ===
[PASS] Message enqueue
[PASS] Message enqueue
[PASS] Message enqueue
[PASS] Message enqueue
[PASS] Message enqueue
[PASS] Message enqueue
[PASS] Message enqueue
[PASS] Message enqueue
[PASS] Message enqueue
[PASS] Message enqueue
[PASS] Message enqueue
[PASS] Message enqueue
[PASS] Message enqueue
[PASS] Message enqueue
[PASS] Message enqueue
[PASS] Message enqueue
[PASS] Message enqueue
[PASS] Message enqueue
[PASS] Message enqueue
[PASS] Message enqueue
[PASS] Message enqueue
[PASS] Message enqueue
[PASS] Message enqueue
[PASS] Message enqueue
[PASS] Message enqueue
[PASS] Message enqueue
[PASS] Message enqueue
[PASS] Message enqueue
[PASS] Message enqueue
[PASS] Message enqueue
[PASS] Message enqueue
[PASS] Message enqueue
[PASS] Message enqueue
[PASS] Message enqueue
[PASS] Message enqueue
[PASS] Message enqueue
[PASS] Message enqueue
[PASS] Message enqueue
[PASS] Message enqueue
[PASS] Message enqueue
[PASS] Message enqueue
[PASS] Message enqueue
[PASS] Message enqueue
[PASS] Message enqueue
[PASS] Message enqueue
[PASS] Message enqueue
[PASS] Message enqueue
[PASS] Message enqueue
[PASS] Message enqueue
[PASS] Message enqueue
[PASS] Dispatcher thread creation
[PASS] All messages processed correctly
=== Completed Test Suite: Message Processing ===


=== Starting Test Suite: Concurrent Processing ===
[PASS] Concurrent message processing
=== Completed Test Suite: Concurrent Processing ===

Test environment cleaned up

Test Results Summary:
=====================
Total tests:  53
Passed:       53
Failed:       0
Success rate: 100.0%
<end of output>
Test time =   4.74 sec
----------------------------------------------------------
Test Passed.
"zoo_dispatcher_integration_tests" end time: Apr 06 15:38 CST
"zoo_dispatcher_integration_tests" time elapsed: 00:00:04
----------------------------------------------------------

13/30 Testing: test_zoo_smb_message_dispatcher
13/30 Test: test_zoo_smb_message_dispatcher
Command: "/home/mozeat/zoo/build/bin/test_zoo_smb_message_dispatcher"
Directory: /home/mozeat/zoo/build/smb/tests
"test_zoo_smb_message_dispatcher" start time: Apr 06 15:38 CST
Output:
----------------------------------------------------------
/home/mozeat/zoo/smb/tests/unit/test_zoo_smb_message_dispatcher.c:133:test_CreateDispatcherWithQueue:PASS
/home/mozeat/zoo/smb/tests/unit/test_zoo_smb_message_dispatcher.c:134:test_DispatcherExecutesQueuedHandler:PASS

-----------------------
2 Tests 0 Failures 0 Ignored 
OK
<end of output>
Test time =   0.42 sec
----------------------------------------------------------
Test Passed.
"test_zoo_smb_message_dispatcher" end time: Apr 06 15:38 CST
"test_zoo_smb_message_dispatcher" time elapsed: 00:00:00
----------------------------------------------------------

2/30 Testing: zoo_dispatcher_unit_tests
2/30 Test: zoo_dispatcher_unit_tests
Command: "/home/mozeat/zoo/build/dispatcher/tests/zoo_dispatcher_tests" "--unit"
Directory: /home/mozeat/zoo/build/dispatcher/tests
"zoo_dispatcher_unit_tests" start time: Apr 06 15:38 CST
Output:
----------------------------------------------------------
ZOO Dispatcher Test Suite
========================
Test environment initialized successfully

=== Starting Test Suite: Dispatcher Creation and Destruction ===
[PASS] Queue creation
[PASS] Dispatcher creation with valid queue
[PASS] Dispatcher creation with NULL queue should fail
[PASS] Queue retrieval from dispatcher
=== Completed Test Suite: Dispatcher Creation and Destruction ===


=== Starting Test Suite: Sort Strategy Configuration ===
[PASS] Sort strategy configuration completed
[PASS] NULL dispatcher handling in sort strategy
=== Completed Test Suite: Sort Strategy Configuration ===


=== Starting Test Suite: Error Handling ===
[PASS] NULL dispatcher destruction handling
[PASS] NULL dispatcher stop handling
[PASS] NULL dispatcher queue retrieval
[PASS] NULL dispatcher sort strategy setting
=== Completed Test Suite: Error Handling ===

Test environment cleaned up

Test Results Summary:
=====================
Total tests:  10
Passed:       10
Failed:       0
Success rate: 100.0%
<end of output>
Test time =   0.40 sec
----------------------------------------------------------
Test Passed.
"zoo_dispatcher_unit_tests" end time: Apr 06 15:38 CST
"zoo_dispatcher_unit_tests" time elapsed: 00:00:00
----------------------------------------------------------

22/30 Testing: test_zoo_smb_transport_shm
22/30 Test: test_zoo_smb_transport_shm
Command: "/home/mozeat/zoo/build/bin/test_zoo_smb_transport_shm"
Directory: /home/mozeat/zoo/build/smb/tests
"test_zoo_smb_transport_shm" start time: Apr 06 15:38 CST
Output:
----------------------------------------------------------
/home/mozeat/zoo/smb/tests/integration/test_zoo_smb_transport_shm.c:300:test_initialization:PASS
/home/mozeat/zoo/smb/tests/integration/test_zoo_smb_transport_shm.c:301:test_invalid_parameters:PASS
Server start failed with error: -2 (expected failure)
Client start failed with error: -2 (expected failure)
/home/mozeat/zoo/smb/tests/integration/test_zoo_smb_transport_shm.c:302:test_start_implementation:PASS
/home/mozeat/zoo/smb/tests/integration/test_zoo_smb_transport_shm.c:303:test_error_conditions:PASS
/home/mozeat/zoo/smb/tests/integration/test_zoo_smb_transport_shm.c:304:test_stop_without_start:PASS
Transport start failed with error: -2
Transport start failed with error: -2
Transport start failed with error: -2
Transport start failed with error: -2
Transport start failed with error: -2
/home/mozeat/zoo/smb/tests/integration/test_zoo_smb_transport_shm.c:305:test_resource_cleanup:PASS
/home/mozeat/zoo/smb/tests/integration/test_zoo_smb_transport_shm.c:306:test_operations_registration:PASS
/home/mozeat/zoo/smb/tests/integration/test_zoo_smb_transport_shm.c:307:test_config_validation:PASS
/home/mozeat/zoo/smb/tests/integration/test_zoo_smb_transport_shm.c:308:test_shm_key_generation:PASS
/home/mozeat/zoo/smb/tests/integration/test_zoo_smb_transport_shm.c:309:test_multiple_registration:PASS

-----------------------
10 Tests 0 Failures 0 Ignored 
OK
<end of output>
Test time =   0.31 sec
----------------------------------------------------------
Test Passed.
"test_zoo_smb_transport_shm" end time: Apr 06 15:38 CST
"test_zoo_smb_transport_shm" time elapsed: 00:00:00
----------------------------------------------------------

23/30 Testing: test_zoo_smb_transport_tcp
23/30 Test: test_zoo_smb_transport_tcp
Command: "/home/mozeat/zoo/build/bin/test_zoo_smb_transport_tcp"
Directory: /home/mozeat/zoo/build/smb/tests
"test_zoo_smb_transport_tcp" start time: Apr 06 15:38 CST
Output:
----------------------------------------------------------
/home/mozeat/zoo/smb/tests/integration/test_zoo_smb_transport_tcp.c:150:test_tcp_transport_creation:PASS
/home/mozeat/zoo/smb/tests/integration/test_zoo_smb_transport_tcp.c:151:test_tcp_transport_invalid_params:PASS
/home/mozeat/zoo/smb/tests/integration/test_zoo_smb_transport_tcp.c:152:test_tcp_transport_lifecycle:PASS
/home/mozeat/zoo/smb/tests/integration/test_zoo_smb_transport_tcp.c:153:test_tcp_transport_properties:PASS
/home/mozeat/zoo/smb/tests/integration/test_zoo_smb_transport_tcp.c:154:test_tcp_transport_send_receive_basic:PASS
/home/mozeat/zoo/smb/tests/integration/test_zoo_smb_transport_tcp.c:155:test_tcp_transport_configuration:PASS

-----------------------
6 Tests 0 Failures 0 Ignored 
OK
<end of output>
Test time =   0.30 sec
----------------------------------------------------------
Test Passed.
"test_zoo_smb_transport_tcp" end time: Apr 06 15:38 CST
"test_zoo_smb_transport_tcp" time elapsed: 00:00:00
----------------------------------------------------------

7/30 Testing: smb_comment_compliance
7/30 Test: smb_comment_compliance
Command: "/usr/bin/bash" "/home/mozeat/zoo/smb/tools/check_function_comments.sh"
Directory: /home/mozeat/zoo/build/smb
"smb_comment_compliance" start time: Apr 06 15:38 CST
Output:
----------------------------------------------------------
TOTAL_MISSING_FUNCTION_COMMENTS=7
Top files with missing comments:
1 src/transport/zoo_smb_transport_tcp_client.c
1 src/transport/zoo_smb_transport.c
1 src/qos/zoo_smb_qos.c
1 src/node/zoo_smb_publisher.c
1 src/core/zoo_smb_rule_manager.c
1 src/core/zoo_smb_routing_engine.c
1 src/core/zoo_smb_reactor.c
WARNING: function comment compliance has gaps; continuing without failing tests.
<end of output>
Test time =   0.48 sec
----------------------------------------------------------
Test Passed.
"smb_comment_compliance" end time: Apr 06 15:38 CST
"smb_comment_compliance" time elapsed: 00:00:00
----------------------------------------------------------

9/30 Testing: test_port_manager
9/30 Test: test_port_manager
Command: "/home/mozeat/zoo/build/bin/test_port_manager"
Directory: /home/mozeat/zoo/build/smb/tests
"test_port_manager" start time: Apr 06 15:38 CST
Output:
----------------------------------------------------------
/home/mozeat/zoo/smb/tests/unit/test_port_manager.c:136:test_find_and_release_port:PASS
/home/mozeat/zoo/smb/tests/unit/test_port_manager.c:137:test_multiple_port_allocation:PASS
/home/mozeat/zoo/smb/tests/unit/test_port_manager.c:138:test_invalid_range_handling:PASS
/home/mozeat/zoo/smb/tests/unit/test_port_manager.c:139:test_port_resource_management:PASS
/home/mozeat/zoo/smb/tests/unit/test_port_manager.c:140:test_port_range_boundary:PASS

-----------------------
5 Tests 0 Failures 0 Ignored 
OK
<end of output>
Test time =   0.01 sec
----------------------------------------------------------
Test Passed.
"test_port_manager" end time: Apr 06 15:38 CST
"test_port_manager" time elapsed: 00:00:00
----------------------------------------------------------

5/30 Testing: ZOO_Log_Unit_Tests
5/30 Test: ZOO_Log_Unit_Tests
Command: "/home/mozeat/zoo/build/log/tests/zoo_log_tests"
Directory: /home/mozeat/zoo/build/log/tests
"ZOO_Log_Unit_Tests" start time: Apr 06 15:38 CST
Output:
----------------------------------------------------------
=== ZOO Log Test Suite ===
Platform: X86_64
OS: Linux
Unity Framework Version: 2.6.2

=== Running Core Log Tests ===
/home/mozeat/zoo/log/tests/test_runner.c:85:test_log_initialization_and_shutdown:PASS
/home/mozeat/zoo/log/tests/test_runner.c:86:test_log_level_setting:PASS
/home/mozeat/zoo/log/tests/test_runner.c:87:test_log_target_setting:PASS
[2026-04-06 15:38:53.386] [85410] [DEBUG] test_zoo_log.c:103 test_log_basic_logging() - Test debug message
[2026-04-06 15:38:53.386] [85410] [INFO ] test_zoo_log.c:104 test_log_basic_logging() - Test info message
[2026-04-06 15:38:53.386] [85410] [WARN ] test_zoo_log.c:105 test_log_basic_logging() - Test warning message
[2026-04-06 15:38:53.386] [85410] [ERROR] test_zoo_log.c:106 test_log_basic_logging() - Test error message
[2026-04-06 15:38:53.386] [85410] [DEBUG] test_zoo_log.c:109 test_log_basic_logging() - Direct debug call
[2026-04-06 15:38:53.386] [85410] [INFO ] test_zoo_log.c:110 test_log_basic_logging() - Direct info call
[2026-04-06 15:38:53.386] [85410] [WARN ] test_zoo_log.c:111 test_log_basic_logging() - Direct warn call
[2026-04-06 15:38:53.386] [85410] [ERROR] test_zoo_log.c:112 test_log_basic_logging() - Direct error call
/home/mozeat/zoo/log/tests/test_runner.c:88:test_log_basic_logging:PASS
[2026-04-06 15:38:53.386] [85410] [INFO ] test_zoo_log.c:129 test_log_formatted_messages() - Formatted message: value=42, string=test_string
[2026-04-06 15:38:53.386] [85410] [INFO ] test_zoo_log.c:130 test_log_formatted_messages() - Direct formatted: 42 test_string
[2026-04-06 15:38:53.386] [85410] [DEBUG] test_zoo_log.c:133 test_log_formatted_messages() - Multiple formats: int=42, hex=0xff, float=3.14, char=A
/home/mozeat/zoo/log/tests/test_runner.c:89:test_log_formatted_messages:PASS
[2026-04-06 15:38:53.386] [85410] [INFO ] test_zoo_log.c:146 test_log_level_filtering() - This info message should appear
[2026-04-06 15:38:53.386] [85410] [ERROR] test_zoo_log.c:147 test_log_level_filtering() - This error message should appear
[2026-04-06 15:38:53.386] [85410] [ERROR] test_zoo_log.c:154 test_log_level_filtering() - This error message should appear
/home/mozeat/zoo/log/tests/test_runner.c:90:test_log_level_filtering:PASS
[2026-04-06 15:38:53.386] [85410] [WARN ] test_zoo_log.c:175 test_log_config_functions() - This warn message should appear
/home/mozeat/zoo/log/tests/test_runner.c:91:test_log_config_functions:PASS
[2026-04-06 15:38:53.386] [85410] [ERROR] zoo_log.c:828 zoo_log_error_code() - [Error Code: -1] Error with code: INVALID_PARAM
[2026-04-06 15:38:53.386] [85410] [FATAL] zoo_log.c:849 zoo_log_fatal_code() - [Error Code: -2] Fatal error with code: OUT_OF_MEMORY
/home/mozeat/zoo/log/tests/test_runner.c:92:test_log_error_codes:PASS

=== Running Thread Safety Tests ===
[2026-04-06 15:38:53.386] [85412] [INFO ] test_zoo_log.c:208 log_thread_worker() - Thread 1 message 0
[2026-04-06 15:38:53.386] [85411] [INFO ] test_zoo_log.c:208 log_thread_worker() - Thread 0 message 0
[2026-04-06 15:38:53.386] [85414] [INFO ] test_zoo_log.c:208 log_thread_worker() - Thread 3 message 0
[2026-04-06 15:38:53.386] [85412] [INFO ] test_zoo_log.c:208 log_thread_worker() - Thread 1 message 1
[2026-04-06 15:38:53.386] [85413] [INFO ] test_zoo_log.c:208 log_thread_worker() - Thread 2 message 0
[2026-04-06 15:38:53.386] [85412] [INFO ] test_zoo_log.c:208 log_thread_worker() - Thread 1 message 2
[2026-04-06 15:38:53.386] [85411] [INFO ] test_zoo_log.c:208 log_thread_worker() - Thread 0 message 1
[2026-04-06 15:38:53.386] [85413] [INFO ] test_zoo_log.c:208 log_thread_worker() - Thread 2 message 1
[2026-04-06 15:38:53.387] [85414] [INFO ] test_zoo_log.c:208 log_thread_worker() - Thread 3 message 1
[2026-04-06 15:38:53.387] [85412] [INFO ] test_zoo_log.c:208 log_thread_worker() - Thread 1 message 3
[2026-04-06 15:38:53.387] [85411] [INFO ] test_zoo_log.c:208 log_thread_worker() - Thread 0 message 2
[2026-04-06 15:38:53.387] [85413] [INFO ] test_zoo_log.c:208 log_thread_worker() - Thread 2 message 2
[2026-04-06 15:38:53.387] [85411] [INFO ] test_zoo_log.c:208 log_thread_worker() - Thread 0 message 3
[2026-04-06 15:38:53.387] [85413] [INFO ] test_zoo_log.c:208 log_thread_worker() - Thread 2 message 3
[2026-04-06 15:38:53.387] [85414] [INFO ] test_zoo_log.c:208 log_thread_worker() - Thread 3 message 2
[2026-04-06 15:38:53.387] [85412] [INFO ] test_zoo_log.c:208 log_thread_worker() - Thread 1 message 4
[2026-04-06 15:38:53.388] [85411] [INFO ] test_zoo_log.c:208 log_thread_worker() - Thread 0 message 4
[2026-04-06 15:38:53.388] [85412] [INFO ] test_zoo_log.c:208 log_thread_worker() - Thread 1 message 5
[2026-04-06 15:38:53.388] [85414] [INFO ] test_zoo_log.c:208 log_thread_worker() - Thread 3 message 3
[2026-04-06 15:38:53.388] [85413] [INFO ] test_zoo_log.c:208 log_thread_worker() - Thread 2 message 4
[2026-04-06 15:38:53.389] [85412] [INFO ] test_zoo_log.c:208 log_thread_worker() - Thread 1 message 6
[2026-04-06 15:38:53.389] [85414] [INFO ] test_zoo_log.c:208 log_thread_worker() - Thread 3 message 4
[2026-04-06 15:38:53.389] [85413] [INFO ] test_zoo_log.c:208 log_thread_worker() - Thread 2 message 5
[2026-04-06 15:38:53.389] [85411] [INFO ] test_zoo_log.c:208 log_thread_worker() - Thread 0 message 5
[2026-04-06 15:38:53.389] [85412] [INFO ] test_zoo_log.c:208 log_thread_worker() - Thread 1 message 7
[2026-04-06 15:38:53.389] [85414] [INFO ] test_zoo_log.c:208 log_thread_worker() - Thread 3 message 5
[2026-04-06 15:38:53.389] [85413] [INFO ] test_zoo_log.c:208 log_thread_worker() - Thread 2 message 6
[2026-04-06 15:38:53.390] [85411] [INFO ] test_zoo_log.c:208 log_thread_worker() - Thread 0 message 6
[2026-04-06 15:38:53.390] [85412] [INFO ] test_zoo_log.c:208 log_thread_worker() - Thread 1 message 8
[2026-04-06 15:38:53.390] [85414] [INFO ] test_zoo_log.c:208 log_thread_worker() - Thread 3 message 6
[2026-04-06 15:38:53.390] [85413] [INFO ] test_zoo_log.c:208 log_thread_worker() - Thread 2 message 7
[2026-04-06 15:38:53.390] [85411] [INFO ] test_zoo_log.c:208 log_thread_worker() - Thread 0 message 7
[2026-04-06 15:38:53.391] [85411] [INFO ] test_zoo_log.c:208 log_thread_worker() - Thread 0 message 8
[2026-04-06 15:38:53.392] [85412] [INFO ] test_zoo_log.c:208 log_thread_worker() - Thread 1 message 9
[2026-04-06 15:38:53.392] [85414] [INFO ] test_zoo_log.c:208 log_thread_worker() - Thread 3 message 7
[2026-04-06 15:38:53.392] [85413] [INFO ] test_zoo_log.c:208 log_thread_worker() - Thread 2 message 8
[2026-04-06 15:38:53.392] [85413] [INFO ] test_zoo_log.c:208 log_thread_worker() - Thread 2 message 9
[2026-04-06 15:38:53.392] [85414] [INFO ] test_zoo_log.c:208 log_thread_worker() - Thread 3 message 8
[2026-04-06 15:38:53.392] [85411] [INFO ] test_zoo_log.c:208 log_thread_worker() - Thread 0 message 9
[2026-04-06 15:38:53.393] [85414] [INFO ] test_zoo_log.c:208 log_thread_worker() - Thread 3 message 9
/home/mozeat/zoo/log/tests/test_runner.c:95:test_log_thread_safety:PASS

=== Running Performance Tests ===
[2026-04-06 15:38:53.394] [85410] [INFO ] test_zoo_log.c:264 test_log_performance() - Performance test message 0
[2026-04-06 15:38:53.394] [85410] [INFO ] test_zoo_log.c:264 test_log_performance() - Performance test message 1
[2026-04-06 15:38:53.394] [85410] [INFO ] test_zoo_log.c:264 test_log_performance() - Performance test message 2
[2026-04-06 15:38:53.394] [85410] [INFO ] test_zoo_log.c:264 test_log_performance() - Performance test message 3
[2026-04-06 15:38:53.394] [85410] [INFO ] test_zoo_log.c:264 test_log_performance() - Performance test message 4
[2026-04-06 15:38:53.394] [85410] [INFO ] test_zoo_log.c:264 test_log_performance() - Performance test message 5
[2026-04-06 15:38:53.394] [85410] [INFO ] test_zoo_log.c:264 test_log_performance() - Performance test message 6
[2026-04-06 15:38:53.394] [85410] [INFO ] test_zoo_log.c:264 test_log_performance() - Performance test message 7
[2026-04-06 15:38:53.394] [85410] [INFO ] test_zoo_log.c:264 test_log_performance() - Performance test message 8
[2026-04-06 15:38:53.394] [85410] [INFO ] test_zoo_log.c:264 test_log_performance() - Performance test message 9
[2026-04-06 15:38:53.394] [85410] [INFO ] test_zoo_log.c:264 test_log_performance() - Performance test message 10
[2026-04-06 15:38:53.394] [85410] [INFO ] test_zoo_log.c:264 test_log_performance() - Performance test message 11
[2026-04-06 15:38:53.394] [85410] [INFO ] test_zoo_log.c:264 test_log_performance() - Performance test message 12
[2026-04-06 15:38:53.394] [85410] [INFO ] test_zoo_log.c:264 test_log_performance() - Performance test message 13
[2026-04-06 15:38:53.394] [85410] [INFO ] test_zoo_log.c:264 test_log_performance() - Performance test message 14
[2026-04-06 15:38:53.394] [85410] [INFO ] test_zoo_log.c:264 test_log_performance() - Performance test message 15
[2026-04-06 15:38:53.394] [85410] [INFO ] test_zoo_log.c:264 test_log_performance() - Performance test message 16
[2026-04-06 15:38:53.394] [85410] [INFO ] test_zoo_log.c:264 test_log_performance() - Performance test message 17
[2026-04-06 15:38:53.394] [85410] [INFO ] test_zoo_log.c:264 test_log_performance() - Performance test message 18
[2026-04-06 15:38:53.394] [85410] [INFO ] test_zoo_log.c:264 test_log_performance() - Performance test message 19
[2026-04-06 15:38:53.394] [85410] [INFO ] test_zoo_log.c:264 test_log_performance() - Performance test message 20
[2026-04-06 15:38:53.394] [85410] [INFO ] test_zoo_log.c:264 test_log_performance() - Performance test message 21
[2026-04-06 15:38:53.394] [85410] [INFO ] test_zoo_log.c:264 test_log_performance() - Performance test message 22
[2026-04-06 15:38:53.394] [85410] [INFO ] test_zoo_log.c:264 test_log_performance() - Performance test message 23
[2026-04-06 15:38:53.394] [85410] [INFO ] test_zoo_log.c:264 test_log_performance() - Performance test message 24
[2026-04-06 15:38:53.394] [85410] [INFO ] test_zoo_log.c:264 test_log_performance() - Performance test message 25
[2026-04-06 15:38:53.394] [85410] [INFO ] test_zoo_log.c:264 test_log_performance() - Performance test message 26
[2026-04-06 15:38:53.394] [85410] [INFO ] test_zoo_log.c:264 test_log_performance() - Performance test message 27
[2026-04-06 15:38:53.394] [85410] [INFO ] test_zoo_log.c:264 test_log_performance() - Performance test message 28
[2026-04-06 15:38:53.394] [85410] [INFO ] test_zoo_log.c:264 test_log_performance() - Performance test message 29
[2026-04-06 15:38:53.394] [85410] [INFO ] test_zoo_log.c:264 test_log_performance() - Performance test message 30
[2026-04-06 15:38:53.394] [85410] [INFO ] test_zoo_log.c:264 test_log_performance() - Performance test message 31
[2026-04-06 15:38:53.394] [85410] [INFO ] test_zoo_log.c:264 test_log_performance() - Performance test message 32
[2026-04-06 15:38:53.394] [85410] [INFO ] test_zoo_log.c:264 test_log_performance() - Performance test message 33
[2026-04-06 15:38:53.394] [85410] [INFO ] test_zoo_log.c:264 test_log_performance() - Performance test message 34
[2026-04-06 15:38:53.394] [85410] [INFO ] test_zoo_log.c:264 test_log_performance() - Performance test message 35
[2026-04-06 15:38:53.394] [85410] [INFO ] test_zoo_log.c:264 test_log_performance() - Performance test message 36
[2026-04-06 15:38:53.394] [85410] [INFO ] test_zoo_log.c:264 test_log_performance() - Performance test message 37
[2026-04-06 15:38:53.394] [85410] [INFO ] test_zoo_log.c:264 test_log_performance() - Performance test message 38
[2026-04-06 15:38:53.394] [85410] [INFO ] test_zoo_log.c:264 test_log_performance() - Performance test message 39
[2026-04-06 15:38:53.394] [85410] [INFO ] test_zoo_log.c:264 test_log_performance() - Performance test message 40
[2026-04-06 15:38:53.394] [85410] [INFO ] test_zoo_log.c:264 test_log_performance() - Performance test message 41
[2026-04-06 15:38:53.394] [85410] [INFO ] test_zoo_log.c:264 test_log_performance() - Performance test message 42
[2026-04-06 15:38:53.394] [85410] [INFO ] test_zoo_log.c:264 test_log_performance() - Performance test message 43
[2026-04-06 15:38:53.394] [85410] [INFO ] test_zoo_log.c:264 test_log_performance() - Performance test message 44
[2026-04-06 15:38:53.394] [85410] [INFO ] test_zoo_log.c:264 test_log_performance() - Performance test message 45
[2026-04-06 15:38:53.394] [85410] [INFO ] test_zoo_log.c:264 test_log_performance() - Performance test message 46
[2026-04-06 15:38:53.394] [85410] [INFO ] test_zoo_log.c:264 test_log_performance() - Performance test message 47
[2026-04-06 15:38:53.394] [85410] [INFO ] test_zoo_log.c:264 test_log_performance() - Performance test message 48
[2026-04-06 15:38:53.394] [85410] [INFO ] test_zoo_log.c:264 test_log_performance() - Performance test message 49
[2026-04-06 15:38:53.394] [85410] [INFO ] test_zoo_log.c:264 test_log_performance() - Performance test message 50
[2026-04-06 15:38:53.394] [85410] [INFO ] test_zoo_log.c:264 test_log_performance() - Performance test message 51
[2026-04-06 15:38:53.394] [85410] [INFO ] test_zoo_log.c:264 test_log_performance() - Performance test message 52
[2026-04-06 15:38:53.394] [85410] [INFO ] test_zoo_log.c:264 test_log_performance() - Performance test message 53
[2026-04-06 15:38:53.394] [85410] [INFO ] test_zoo_log.c:264 test_log_performance() - Performance test message 54
[2026-04-06 15:38:53.394] [85410] [INFO ] test_zoo_log.c:264 test_log_performance() - Performance test message 55
[2026-04-06 15:38:53.394] [85410] [INFO ] test_zoo_log.c:264 test_log_performance() - Performance test message 56
[2026-04-06 15:38:53.394] [85410] [INFO ] test_zoo_log.c:264 test_log_performance() - Performance test message 57
[2026-04-06 15:38:53.394] [85410] [INFO ] test_zoo_log.c:264 test_log_performance() - Performance test message 58
[2026-04-06 15:38:53.394] [85410] [INFO ] test_zoo_log.c:264 test_log_performance() - Performance test message 59
[2026-04-06 15:38:53.394] [85410] [INFO ] test_zoo_log.c:264 test_log_performance() - Performance test message 60
[2026-04-06 15:38:53.394] [85410] [INFO ] test_zoo_log.c:264 test_log_performance() - Performance test message 61
[2026-04-06 15:38:53.394] [85410] [INFO ] test_zoo_log.c:264 test_log_performance() - Performance test message 62
[2026-04-06 15:38:53.394] [85410] [INFO ] test_zoo_log.c:264 test_log_performance() - Performance test message 63
[2026-04-06 15:38:53.394] [85410] [INFO ] test_zoo_log.c:264 test_log_performance() - Performance test message 64
[2026-04-06 15:38:53.394] [85410] [INFO ] test_zoo_log.c:264 test_log_performance() - Performance test message 65
[2026-04-06 15:38:53.394] [85410] [INFO ] test_zoo_log.c:264 test_log_performance() - Performance test message 66
[2026-04-06 15:38:53.394] [85410] [INFO ] test_zoo_log.c:264 test_log_performance() - Performance test message 67
[2026-04-06 15:38:53.394] [85410] [INFO ] test_zoo_log.c:264 test_log_performance() - Performance test message 68
[2026-04-06 15:38:53.394] [85410] [INFO ] test_zoo_log.c:264 test_log_performance() - Performance test message 69
[2026-04-06 15:38:53.394] [85410] [INFO ] test_zoo_log.c:264 test_log_performance() - Performance test message 70
[2026-04-06 15:38:53.394] [85410] [INFO ] test_zoo_log.c:264 test_log_performance() - Performance test message 71
[2026-04-06 15:38:53.394] [85410] [INFO ] test_zoo_log.c:264 test_log_performance() - Performance test message 72
[2026-04-06 15:38:53.394] [85410] [INFO ] test_zoo_log.c:264 test_log_performance() - Performance test message 73
[2026-04-06 15:38:53.394] [85410] [INFO ] test_zoo_log.c:264 test_log_performance() - Performance test message 74
[2026-04-06 15:38:53.394] [85410] [INFO ] test_zoo_log.c:264 test_log_performance() - Performance test message 75
[2026-04-06 15:38:53.394] [85410] [INFO ] test_zoo_log.c:264 test_log_performance() - Performance test message 76
[2026-04-06 15:38:53.394] [85410] [INFO ] test_zoo_log.c:264 test_log_performance() - Performance test message 77
[2026-04-06 15:38:53.394] [85410] [INFO ] test_zoo_log.c:264 test_log_performance() - Performance test message 78
[2026-04-06 15:38:53.394] [85410] [INFO ] test_zoo_log.c:264 test_log_performance() - Performance test message 79
[2026-04-06 15:38:53.394] [85410] [INFO ] test_zoo_log.c:264 test_log_performance() - Performance test message 80
[2026-04-06 15:38:53.394] [85410] [INFO ] test_zoo_log.c:264 test_log_performance() - Performance test message 81
[2026-04-06 15:38:53.394] [85410] [INFO ] test_zoo_log.c:264 test_log_performance() - Performance test message 82
[2026-04-06 15:38:53.394] [85410] [INFO ] test_zoo_log.c:264 test_log_performance() - Performance test message 83
[2026-04-06 15:38:53.394] [85410] [INFO ] test_zoo_log.c:264 test_log_performance() - Performance test message 84
[2026-04-06 15:38:53.394] [85410] [INFO ] test_zoo_log.c:264 test_log_performance() - Performance test message 85
[2026-04-06 15:38:53.394] [85410] [INFO ] test_zoo_log.c:264 test_log_performance() - Performance test message 86
[2026-04-06 15:38:53.394] [85410] [INFO ] test_zoo_log.c:264 test_log_performance() - Performance test message 87
[2026-04-06 15:38:53.394] [85410] [INFO ] test_zoo_log.c:264 test_log_performance() - Performance test message 88
[2026-04-06 15:38:53.394] [85410] [INFO ] test_zoo_log.c:264 test_log_performance() - Performance test message 89
[2026-04-06 15:38:53.394] [85410] [INFO ] test_zoo_log.c:264 test_log_performance() - Performance test message 90
[2026-04-06 15:38:53.394] [85410] [INFO ] test_zoo_log.c:264 test_log_performance() - Performance test message 91
[2026-04-06 15:38:53.394] [85410] [INFO ] test_zoo_log.c:264 test_log_performance() - Performance test message 92
[2026-04-06 15:38:53.394] [85410] [INFO ] test_zoo_log.c:264 test_log_performance() - Performance test message 93
[2026-04-06 15:38:53.394] [85410] [INFO ] test_zoo_log.c:264 test_log_performance() - Performance test message 94
[2026-04-06 15:38:53.394] [85410] [INFO ] test_zoo_log.c:264 test_log_performance() - Performance test message 95
[2026-04-06 15:38:53.394] [85410] [INFO ] test_zoo_log.c:264 test_log_performance() - Performance test message 96
[2026-04-06 15:38:53.394] [85410] [INFO ] test_zoo_log.c:264 test_log_performance() - Performance test message 97
[2026-04-06 15:38:53.394] [85410] [INFO ] test_zoo_log.c:264 test_log_performance() - Performance test message 98
[2026-04-06 15:38:53.394] [85410] [INFO ] test_zoo_log.c:264 test_log_performance() - Performance test message 99
[2026-04-06 15:38:53.394] [85410] [INFO ] test_zoo_log.c:264 test_log_performance() - Performance test message 100
[2026-04-06 15:38:53.394] [85410] [INFO ] test_zoo_log.c:264 test_log_performance() - Performance test message 101
[2026-04-06 15:38:53.394] [85410] [INFO ] test_zoo_log.c:264 test_log_performance() - Performance test message 102
[2026-04-06 15:38:53.394] [85410] [INFO ] test_zoo_log.c:264 test_log_performance() - Performance test message 103
[2026-04-06 15:38:53.394] [85410] [INFO ] test_zoo_log.c:264 test_log_performance() - Performance test message 104
[2026-04-06 15:38:53.394] [85410] [INFO ] test_zoo_log.c:264 test_log_performance() - Performance test message 105
[2026-04-06 15:38:53.394] [85410] [INFO ] test_zoo_log.c:264 test_log_performance() - Performance test message 106
[2026-04-06 15:38:53.395] [85410] [INFO ] test_zoo_log.c:264 test_log_performance() - Performance test message 107
[2026-04-06 15:38:53.395] [85410] [INFO ] test_zoo_log.c:264 test_log_performance() - Performance test message 108
[2026-04-06 15:38:53.395] [85410] [INFO ] test_zoo_log.c:264 test_log_performance() - Performance test message 109
[2026-04-06 15:38:53.395] [85410] [INFO ] test_zoo_log.c:264 test_log_performance() - Performance test message 110
[2026-04-06 15:38:53.395] [85410] [INFO ] test_zoo_log.c:264 test_log_performance() - Performance test message 111
[2026-04-06 15:38:53.395] [85410] [INFO ] test_zoo_log.c:264 test_log_performance() - Performance test message 112
[2026-04-06 15:38:53.395] [85410] [INFO ] test_zoo_log.c:264 test_log_performance() - Performance test message 113
[2026-04-06 15:38:53.395] [85410] [INFO ] test_zoo_log.c:264 test_log_performance() - Performance test message 114
[2026-04-06 15:38:53.395] [85410] [INFO ] test_zoo_log.c:264 test_log_performance() - Performance test message 115
[2026-04-06 15:38:53.395] [85410] [INFO ] test_zoo_log.c:264 test_log_performance() - Performance test message 116
[2026-04-06 15:38:53.395] [85410] [INFO ] test_zoo_log.c:264 test_log_performance() - Performance test message 117
[2026-04-06 15:38:53.395] [85410] [INFO ] test_zoo_log.c:264 test_log_performance() - Performance test message 118
[2026-04-06 15:38:53.395] [85410] [INFO ] test_zoo_log.c:264 test_log_performance() - Performance test message 119
[2026-04-06 15:38:53.395] [85410] [INFO ] test_zoo_log.c:264 test_log_performance() - Performance test message 120
[2026-04-06 15:38:53.395] [85410] [INFO ] test_zoo_log.c:264 test_log_performance() - Performance test message 121
[2026-04-06 15:38:53.395] [85410] [INFO ] test_zoo_log.c:264 test_log_performance() - Performance test message 122
[2026-04-06 15:38:53.395] [85410] [INFO ] test_zoo_log.c:264 test_log_performance() - Performance test message 123
[2026-04-06 15:38:53.395] [85410] [INFO ] test_zoo_log.c:264 test_log_performance() - Performance test message 124
[2026-04-06 15:38:53.395] [85410] [INFO ] test_zoo_log.c:264 test_log_performance() - Performance test message 125
[2026-04-06 15:38:53.395] [85410] [INFO ] test_zoo_log.c:264 test_log_performance() - Performance test message 126
[2026-04-06 15:38:53.395] [85410] [INFO ] test_zoo_log.c:264 test_log_performance() - Performance test message 127
[2026-04-06 15:38:53.395] [85410] [INFO ] test_zoo_log.c:264 test_log_performance() - Performance test message 128
[2026-04-06 15:38:53.395] [85410] [INFO ] test_zoo_log.c:264 test_log_performance() - Performance test message 129
[2026-04-06 15:38:53.395] [85410] [INFO ] test_zoo_log.c:264 test_log_performance() - Performance test message 130
[2026-04-06 15:38:53.395] [85410] [INFO ] test_zoo_log.c:264 test_log_performance() - Performance test message 131
[2026-04-06 15:38:53.395] [85410] [INFO ] test_zoo_log.c:264 test_log_performance() - Performance test message 132
[2026-04-06 15:38:53.395] [85410] [INFO ] test_zoo_log.c:264 test_log_performance() - Performance test message 133
[2026-04-06 15:38:53.395] [85410] [INFO ] test_zoo_log.c:264 test_log_performance() - Performance test message 134
[2026-04-06 15:38:53.395] [85410] [INFO ] test_zoo_log.c:264 test_log_performance() - Performance test message 135
[2026-04-06 15:38:53.395] [85410] [INFO ] test_zoo_log.c:264 test_log_performance() - Performance test message 136
[2026-04-06 15:38:53.395] [85410] [INFO ] test_zoo_log.c:264 test_log_performance() - Performance test message 137
[2026-04-06 15:38:53.395] [85410] [INFO ] test_zoo_log.c:264 test_log_performance() - Performance test message 138
[2026-04-06 15:38:53.395] [85410] [INFO ] test_zoo_log.c:264 test_log_performance() - Performance test message 139
[2026-04-06 15:38:53.395] [85410] [INFO ] test_zoo_log.c:264 test_log_performance() - Performance test message 140
[2026-04-06 15:38:53.395] [85410] [INFO ] test_zoo_log.c:264 test_log_performance() - Performance test message 141
[2026-04-06 15:38:53.395] [85410] [INFO ] test_zoo_log.c:264 test_log_performance() - Performance test message 142
[2026-04-06 15:38:53.395] [85410] [INFO ] test_zoo_log.c:264 test_log_performance() - Performance test message 143
[2026-04-06 15:38:53.395] [85410] [INFO ] test_zoo_log.c:264 test_log_performance() - Performance test message 144
[2026-04-06 15:38:53.395] [85410] [INFO ] test_zoo_log.c:264 test_log_performance() - Performance test message 145
[2026-04-06 15:38:53.395] [85410] [INFO ] test_zoo_log.c:264 test_log_performance() - Performance test message 146
[2026-04-06 15:38:53.395] [85410] [INFO ] test_zoo_log.c:264 test_log_performance() - Performance test message 147
[2026-04-06 15:38:53.395] [85410] [INFO ] test_zoo_log.c:264 test_log_performance() - Performance test message 148
[2026-04-06 15:38:53.395] [85410] [INFO ] test_zoo_log.c:264 test_log_performance() - Performance test message 149
[2026-04-06 15:38:53.395] [85410] [INFO ] test_zoo_log.c:264 test_log_performance() - Performance test message 150
[2026-04-06 15:38:53.395] [85410] [INFO ] test_zoo_log.c:264 test_log_performance() - Performance test message 151
[2026-04-06 15:38:53.395] [85410] [INFO ] test_zoo_log.c:264 test_log_performance() - Performance test message 152
[2026-04-06 15:38:53.395] [85410] [INFO ] test_zoo_log.c:264 test_log_performance() - Performance test message 153
[2026-04-06 15:38:53.395] [85410] [INFO ] test_zoo_log.c:264 test_log_performance() - Performance test message 154
[2026-04-06 15:38:53.395] [85410] [INFO ] test_zoo_log.c:264 test_log_performance() - Performance test message 155
[2026-04-06 15:38:53.395] [85410] [INFO ] test_zoo_log.c:264 test_log_performance() - Performance test message 156
[2026-04-06 15:38:53.395] [85410] [INFO ] test_zoo_log.c:264 test_log_performance() - Performance test message 157
[2026-04-06 15:38:53.395] [85410] [INFO ] test_zoo_log.c:264 test_log_performance() - Performance test message 158
[2026-04-06 15:38:53.395] [85410] [INFO ] test_zoo_log.c:264 test_log_performance() - Performance test message 159
[2026-04-06 15:38:53.395] [85410] [INFO ] test_zoo_log.c:264 test_log_performance() - Performance test message 160
[2026-04-06 15:38:53.395] [85410] [INFO ] test_zoo_log.c:264 test_log_performance() - Performance test message 161
[2026-04-06 15:38:53.395] [85410] [INFO ] test_zoo_log.c:264 test_log_performance() - Performance test message 162
[2026-04-06 15:38:53.395] [85410] [INFO ] test_zoo_log.c:264 test_log_performance() - Performance test message 163
[2026-04-06 15:38:53.395] [85410] [INFO ] test_zoo_log.c:264 test_log_performance() - Performance test message 164
[2026-04-06 15:38:53.395] [85410] [INFO ] test_zoo_log.c:264 test_log_performance() - Performance test message 165
[2026-04-06 15:38:53.395] [85410] [INFO ] test_zoo_log.c:264 test_log_performance() - Performance test message 166
[2026-04-06 15:38:53.395] [85410] [INFO ] test_zoo_log.c:264 test_log_performance() - Performance test message 167
[2026-04-06 15:38:53.395] [85410] [INFO ] test_zoo_log.c:264 test_log_performance() - Performance test message 168
[2026-04-06 15:38:53.395] [85410] [INFO ] test_zoo_log.c:264 test_log_performance() - Performance test message 169
[2026-04-06 15:38:53.395] [85410] [INFO ] test_zoo_log.c:264 test_log_performance() - Performance test message 170
[2026-04-06 15:38:53.395] [85410] [INFO ] test_zoo_log.c:264 test_log_performance() - Performance test message 171
[2026-04-06 15:38:53.395] [85410] [INFO ] test_zoo_log.c:264 test_log_performance() - Performance test message 172
[2026-04-06 15:38:53.395] [85410] [INFO ] test_zoo_log.c:264 test_log_performance() - Performance test message 173
[2026-04-06 15:38:53.395] [85410] [INFO ] test_zoo_log.c:264 test_log_performance() - Performance test message 174
[2026-04-06 15:38:53.395] [85410] [INFO ] test_zoo_log.c:264 test_log_performance() - Performance test message 175
[2026-04-06 15:38:53.395] [85410] [INFO ] test_zoo_log.c:264 test_log_performance() - Performance test message 176
[2026-04-06 15:38:53.395] [85410] [INFO ] test_zoo_log.c:264 test_log_performance() - Performance test message 177
[2026-04-06 15:38:53.395] [85410] [INFO ] test_zoo_log.c:264 test_log_performance() - Performance test message 178
[2026-04-06 15:38:53.395] [85410] [INFO ] test_zoo_log.c:264 test_log_performance() - Performance test message 179
[2026-04-06 15:38:53.395] [85410] [INFO ] test_zoo_log.c:264 test_log_performance() - Performance test message 180
[2026-04-06 15:38:53.395] [85410] [INFO ] test_zoo_log.c:264 test_log_performance() - Performance test message 181
[2026-04-06 15:38:53.395] [85410] [INFO ] test_zoo_log.c:264 test_log_performance() - Performance test message 182
[2026-04-06 15:38:53.395] [85410] [INFO ] test_zoo_log.c:264 test_log_performance() - Performance test message 183
[2026-04-06 15:38:53.395] [85410] [INFO ] test_zoo_log.c:264 test_log_performance() - Performance test message 184
[2026-04-06 15:38:53.395] [85410] [INFO ] test_zoo_log.c:264 test_log_performance() - Performance test message 185
[2026-04-06 15:38:53.395] [85410] [INFO ] test_zoo_log.c:264 test_log_performance() - Performance test message 186
[2026-04-06 15:38:53.395] [85410] [INFO ] test_zoo_log.c:264 test_log_performance() - Performance test message 187
[2026-04-06 15:38:53.395] [85410] [INFO ] test_zoo_log.c:264 test_log_performance() - Performance test message 188
[2026-04-06 15:38:53.395] [85410] [INFO ] test_zoo_log.c:264 test_log_performance() - Performance test message 189
[2026-04-06 15:38:53.395] [85410] [INFO ] test_zoo_log.c:264 test_log_performance() - Performance test message 190
[2026-04-06 15:38:53.395] [85410] [INFO ] test_zoo_log.c:264 test_log_performance() - Performance test message 191
[2026-04-06 15:38:53.395] [85410] [INFO ] test_zoo_log.c:264 test_log_performance() - Performance test message 192
[2026-04-06 15:38:53.395] [85410] [INFO ] test_zoo_log.c:264 test_log_performance() - Performance test message 193
[2026-04-06 15:38:53.395] [85410] [INFO ] test_zoo_log.c:264 test_log_performance() - Performance test message 194
[2026-04-06 15:38:53.395] [85410] [INFO ] test_zoo_log.c:264 test_log_performance() - Performance test message 195
[2026-04-06 15:38:53.395] [85410] [INFO ] test_zoo_log.c:264 test_log_performance() - Performance test message 196
[2026-04-06 15:38:53.395] [85410] [INFO ] test_zoo_log.c:264 test_log_performance() - Performance test message 197
[2026-04-06 15:38:53.395] [85410] [INFO ] test_zoo_log.c:264 test_log_performance() - Performance test message 198
[2026-04-06 15:38:53.395] [85410] [INFO ] test_zoo_log.c:264 test_log_performance() - Performance test message 199
[2026-04-06 15:38:53.395] [85410] [INFO ] test_zoo_log.c:264 test_log_performance() - Performance test message 200
[2026-04-06 15:38:53.395] [85410] [INFO ] test_zoo_log.c:264 test_log_performance() - Performance test message 201
[2026-04-06 15:38:53.395] [85410] [INFO ] test_zoo_log.c:264 test_log_performance() - Performance test message 202
[2026-04-06 15:38:53.395] [85410] [INFO ] test_zoo_log.c:264 test_log_performance() - Performance test message 203
[2026-04-06 15:38:53.395] [85410] [INFO ] test_zoo_log.c:264 test_log_performance() - Performance test message 204
[2026-04-06 15:38:53.395] [85410] [INFO ] test_zoo_log.c:264 test_log_performance() - Performance test message 205
[2026-04-06 15:38:53.395] [85410] [INFO ] test_zoo_log.c:264 test_log_performance() - Performance test message 206
[2026-04-06 15:38:53.395] [85410] [INFO ] test_zoo_log.c:264 test_log_performance() - Performance test message 207
[2026-04-06 15:38:53.395] [85410] [INFO ] test_zoo_log.c:264 test_log_performance() - Performance test message 208
[2026-04-06 15:38:53.395] [85410] [INFO ] test_zoo_log.c:264 test_log_performance() - Performance test message 209
[2026-04-06 15:38:53.395] [85410] [INFO ] test_zoo_log.c:264 test_log_performance() - Performance test message 210
[2026-04-06 15:38:53.395] [85410] [INFO ] test_zoo_log.c:264 test_log_performance() - Performance test message 211
[2026-04-06 15:38:53.395] [85410] [INFO ] test_zoo_log.c:264 test_log_performance() - Performance test message 212
[2026-04-06 15:38:53.395] [85410] [INFO ] test_zoo_log.c:264 test_log_performance() - Performance test message 213
[2026-04-06 15:38:53.395] [85410] [INFO ] test_zoo_log.c:264 test_log_performance() - Performance test message 214
[2026-04-06 15:38:53.395] [85410] [INFO ] test_zoo_log.c:264 test_log_performance() - Performance test message 215
[2026-04-06 15:38:53.395] [85410] [INFO ] test_zoo_log.c:264 test_log_performance() - Performance test message 216
[2026-04-06 15:38:53.395] [85410] [INFO ] test_zoo_log.c:264 test_log_performance() - Performance test message 217
[2026-04-06 15:38:53.395] [85410] [INFO ] test_zoo_log.c:264 test_log_performance() - Performance test message 218
[2026-04-06 15:38:53.395] [85410] [INFO ] test_zoo_log.c:264 test_log_performance() - Performance test message 219
[2026-04-06 15:38:53.395] [85410] [INFO ] test_zoo_log.c:264 test_log_performance() - Performance test message 220
[2026-04-06 15:38:53.395] [85410] [INFO ] test_zoo_log.c:264 test_log_performance() - Performance test message 221
[2026-04-06 15:38:53.395] [85410] [INFO ] test_zoo_log.c:264 test_log_performance() - Performance test message 222
[2026-04-06 15:38:53.395] [85410] [INFO ] test_zoo_log.c:264 test_log_performance() - Performance test message 223
[2026-04-06 15:38:53.395] [85410] [INFO ] test_zoo_log.c:264 test_log_performance() - Performance test message 224
[2026-04-06 15:38:53.395] [85410] [INFO ] test_zoo_log.c:264 test_log_performance() - Performance test message 225
[2026-04-06 15:38:53.395] [85410] [INFO ] test_zoo_log.c:264 test_log_performance() - Performance test message 226
[2026-04-06 15:38:53.395] [85410] [INFO ] test_zoo_log.c:264 test_log_performance() - Performance test message 227
[2026-04-06 15:38:53.395] [85410] [INFO ] test_zoo_log.c:264 test_log_performance() - Performance test message 228
[2026-04-06 15:38:53.395] [85410] [INFO ] test_zoo_log.c:264 test_log_performance() - Performance test message 229
[2026-04-06 15:38:53.395] [85410] [INFO ] test_zoo_log.c:264 test_log_performance() - Performance test message 230
[2026-04-06 15:38:53.395] [85410] [INFO ] test_zoo_log.c:264 test_log_performance() - Performance test message 231
[2026-04-06 15:38:53.395] [85410] [INFO ] test_zoo_log.c:264 test_log_performance() - Performance test message 232
[2026-04-06 15:38:53.395] [85410] [INFO ] test_zoo_log.c:264 test_log_performance() - Performance test message 233
[2026-04-06 15:38:53.395] [85410] [INFO ] test_zoo_log.c:264 test_log_performance() - Performance test message 234
[2026-04-06 15:38:53.395] [85410] [INFO ] test_zoo_log.c:264 test_log_performance() - Performance test message 235
[2026-04-06 15:38:53.395] [85410] [INFO ] test_zoo_log.c:264 test_log_performance() - Performance test message 236
[2026-04-06 15:38:53.395] [85410] [INFO ] test_zoo_log.c:264 test_log_performance() - Performance test message 237
[2026-04-06 15:38:53.395] [85410] [INFO ] test_zoo_log.c:264 test_log_performance() - Performance test message 238
[2026-04-06 15:38:53.395] [85410] [INFO ] test_zoo_log.c:264 test_log_performance() - Performance test message 239
[2026-04-06 15:38:53.395] [85410] [INFO ] test_zoo_log.c:264 test_log_performance() - Performance test message 240
[2026-04-06 15:38:53.395] [85410] [INFO ] test_zoo_log.c:264 test_log_performance() - Performance test message 241
[2026-04-06 15:38:53.395] [85410] [INFO ] test_zoo_log.c:264 test_log_performance() - Performance test message 242
[2026-04-06 15:38:53.395] [85410] [INFO ] test_zoo_log.c:264 test_log_performance() - Performance test message 243
[2026-04-06 15:38:53.395] [85410] [INFO ] test_zoo_log.c:264 test_log_performance() - Performance test message 244
[2026-04-06 15:38:53.395] [85410] [INFO ] test_zoo_log.c:264 test_log_performance() - Performance test message 245
[2026-04-06 15:38:53.395] [85410] [INFO ] test_zoo_log.c:264 test_log_performance() - Performance test message 246
[2026-04-06 15:38:53.395] [85410] [INFO ] test_zoo_log.c:264 test_log_performance() - Performance test message 247
[2026-04-06 15:38:53.395] [85410] [INFO ] test_zoo_log.c:264 test_log_performance() - Performance test message 248
[2026-04-06 15:38:53.395] [85410] [INFO ] test_zoo_log.c:264 test_log_performance() - Performance test message 249
[2026-04-06 15:38:53.395] [85410] [INFO ] test_zoo_log.c:264 test_log_performance() - Performance test message 250
[2026-04-06 15:38:53.395] [85410] [INFO ] test_zoo_log.c:264 test_log_performance() - Performance test message 251
[2026-04-06 15:38:53.395] [85410] [INFO ] test_zoo_log.c:264 test_log_performance() - Performance test message 252
[2026-04-06 15:38:53.395] [85410] [INFO ] test_zoo_log.c:264 test_log_performance() - Performance test message 253
[2026-04-06 15:38:53.395] [85410] [INFO ] test_zoo_log.c:264 test_log_performance() - Performance test message 254
[2026-04-06 15:38:53.395] [85410] [INFO ] test_zoo_log.c:264 test_log_performance() - Performance test message 255
[2026-04-06 15:38:53.395] [85410] [INFO ] test_zoo_log.c:264 test_log_performance() - Performance test message 256
[2026-04-06 15:38:53.395] [85410] [INFO ] test_zoo_log.c:264 test_log_performance() - Performance test message 257
[2026-04-06 15:38:53.395] [85410] [INFO ] test_zoo_log.c:264 test_log_performance() - Performance test message 258
[2026-04-06 15:38:53.395] [85410] [INFO ] test_zoo_log.c:264 test_log_performance() - Performance test message 259
[2026-04-06 15:38:53.395] [85410] [INFO ] test_zoo_log.c:264 test_log_performance() - Performance test message 260
[2026-04-06 15:38:53.395] [85410] [INFO ] test_zoo_log.c:264 test_log_performance() - Performance test message 261
[2026-04-06 15:38:53.395] [85410] [INFO ] test_zoo_log.c:264 test_log_performance() - Performance test message 262
[2026-04-06 15:38:53.395] [85410] [INFO ] test_zoo_log.c:264 test_log_performance() - Performance test message 263
[2026-04-06 15:38:53.395] [85410] [INFO ] test_zoo_log.c:264 test_log_performance() - Performance test message 264
[2026-04-06 15:38:53.395] [85410] [INFO ] test_zoo_log.c:264 test_log_performance() - Performance test message 265
[2026-04-06 15:38:53.395] [85410] [INFO ] test_zoo_log.c:264 test_log_performance() - Performance test message 266
[2026-04-06 15:38:53.395] [85410] [INFO ] test_zoo_log.c:264 test_log_performance() - Performance test message 267
[2026-04-06 15:38:53.395] [85410] [INFO ] test_zoo_log.c:264 test_log_performance() - Performance test message 268
[2026-04-06 15:38:53.395] [85410] [INFO ] test_zoo_log.c:264 test_log_performance() - Performance test message 269
[2026-04-06 15:38:53.395] [85410] [INFO ] test_zoo_log.c:264 test_log_performance() - Performance test message 270
[2026-04-06 15:38:53.395] [85410] [INFO ] test_zoo_log.c:264 test_log_performance() - Performance test message 271
[2026-04-06 15:38:53.395] [85410] [INFO ] test_zoo_log.c:264 test_log_performance() - Performance test message 272
[2026-04-06 15:38:53.395] [85410] [INFO ] test_zoo_log.c:264 test_log_performance() - Performance test message 273
[2026-04-06 15:38:53.395] [85410] [INFO ] test_zoo_log.c:264 test_log_performance() - Performance test message 274
[2026-04-06 15:38:53.395] [85410] [INFO ] test_zoo_log.c:264 test_log_performance() - Performance test message 275
[2026-04-06 15:38:53.395] [85410] [INFO ] test_zoo_log.c:264 test_log_performance() - Performance test message 276
[2026-04-06 15:38:53.395] [85410] [INFO ] test_zoo_log.c:264 test_log_performance() - Performance test message 277
[2026-04-06 15:38:53.395] [85410] [INFO ] test_zoo_log.c:264 test_log_performance() - Performance test message 278
[2026-04-06 15:38:53.395] [85410] [INFO ] test_zoo_log.c:264 test_log_performance() - Performance test message 279
[2026-04-06 15:38:53.395] [85410] [INFO ] test_zoo_log.c:264 test_log_performance() - Performance test message 280
[2026-04-06 15:38:53.395] [85410] [INFO ] test_zoo_log.c:264 test_log_performance() - Performance test message 281
[2026-04-06 15:38:53.395] [85410] [INFO ] test_zoo_log.c:264 test_log_performance() - Performance test message 282
[2026-04-06 15:38:53.395] [85410] [INFO ] test_zoo_log.c:264 test_log_performance() - Performance test message 283
[2026-04-06 15:38:53.395] [85410] [INFO ] test_zoo_log.c:264 test_log_performance() - Performance test message 284
[2026-04-06 15:38:53.395] [85410] [INFO ] test_zoo_log.c:264 test_log_performance() - Performance test message 285
[2026-04-06 15:38:53.395] [85410] [INFO ] test_zoo_log.c:264 test_log_performance() - Performance test message 286
[2026-04-06 15:38:53.395] [85410] [INFO ] test_zoo_log.c:264 test_log_performance() - Performance test message 287
[2026-04-06 15:38:53.395] [85410] [INFO ] test_zoo_log.c:264 test_log_performance() - Performance test message 288
[2026-04-06 15:38:53.395] [85410] [INFO ] test_zoo_log.c:264 test_log_performance() - Performance test message 289
[2026-04-06 15:38:53.395] [85410] [INFO ] test_zoo_log.c:264 test_log_performance() - Performance test message 290
[2026-04-06 15:38:53.395] [85410] [INFO ] test_zoo_log.c:264 test_log_performance() - Performance test message 291
[2026-04-06 15:38:53.395] [85410] [INFO ] test_zoo_log.c:264 test_log_performance() - Performance test message 292
[2026-04-06 15:38:53.395] [85410] [INFO ] test_zoo_log.c:264 test_log_performance() - Performance test message 293
[2026-04-06 15:38:53.395] [85410] [INFO ] test_zoo_log.c:264 test_log_performance() - Performance test message 294
[2026-04-06 15:38:53.395] [85410] [INFO ] test_zoo_log.c:264 test_log_performance() - Performance test message 295
[2026-04-06 15:38:53.395] [85410] [INFO ] test_zoo_log.c:264 test_log_performance() - Performance test message 296
[2026-04-06 15:38:53.395] [85410] [INFO ] test_zoo_log.c:264 test_log_performance() - Performance test message 297
[2026-04-06 15:38:53.395] [85410] [INFO ] test_zoo_log.c:264 test_log_performance() - Performance test message 298
[2026-04-06 15:38:53.395] [85410] [INFO ] test_zoo_log.c:264 test_log_performance() - Performance test message 299
[2026-04-06 15:38:53.395] [85410] [INFO ] test_zoo_log.c:264 test_log_performance() - Performance test message 300
[2026-04-06 15:38:53.395] [85410] [INFO ] test_zoo_log.c:264 test_log_performance() - Performance test message 301
[2026-04-06 15:38:53.395] [85410] [INFO ] test_zoo_log.c:264 test_log_performance() - Performance test message 302
[2026-04-06 15:38:53.395] [85410] [INFO ] test_zoo_log.c:264 test_log_performance() - Performance test message 303
[2026-04-06 15:38:53.395] [85410] [INFO ] test_zoo_log.c:264 test_log_performance() - Performance test message 304
[2026-04-06 15:38:53.395] [85410] [INFO ] test_zoo_log.c:264 test_log_performance() - Performance test message 305
[2026-04-06 15:38:53.395] [85410] [INFO ] test_zoo_log.c:264 test_log_performance() - Performance test message 306
[2026-04-06 15:38:53.395] [85410] [INFO ] test_zoo_log.c:264 test_log_performance() - Performance test message 307
[2026-04-06 15:38:53.395] [85410] [INFO ] test_zoo_log.c:264 test_log_performance() - Performance test message 308
[2026-04-06 15:38:53.395] [85410] [INFO ] test_zoo_log.c:264 test_log_performance() - Performance test message 309
[2026-04-06 15:38:53.395] [85410] [INFO ] test_zoo_log.c:264 test_log_performance() - Performance test message 310
[2026-04-06 15:38:53.395] [85410] [INFO ] test_zoo_log.c:264 test_log_performance() - Performance test message 311
[2026-04-06 15:38:53.396] [85410] [INFO ] test_zoo_log.c:264 test_log_performance() - Performance test message 312
[2026-04-06 15:38:53.396] [85410] [INFO ] test_zoo_log.c:264 test_log_performance() - Performance test message 313
[2026-04-06 15:38:53.396] [85410] [INFO ] test_zoo_log.c:264 test_log_performance() - Performance test message 314
[2026-04-06 15:38:53.396] [85410] [INFO ] test_zoo_log.c:264 test_log_performance() - Performance test message 315
[2026-04-06 15:38:53.396] [85410] [INFO ] test_zoo_log.c:264 test_log_performance() - Performance test message 316
[2026-04-06 15:38:53.396] [85410] [INFO ] test_zoo_log.c:264 test_log_performance() - Performance test message 317
[2026-04-06 15:38:53.396] [85410] [INFO ] test_zoo_log.c:264 test_log_performance() - Performance test message 318
[2026-04-06 15:38:53.396] [85410] [INFO ] test_zoo_log.c:264 test_log_performance() - Performance test message 319
[2026-04-06 15:38:53.396] [85410] [INFO ] test_zoo_log.c:264 test_log_performance() - Performance test message 320
[2026-04-06 15:38:53.396] [85410] [INFO ] test_zoo_log.c:264 test_log_performance() - Performance test message 321
[2026-04-06 15:38:53.396] [85410] [INFO ] test_zoo_log.c:264 test_log_performance() - Performance test message 322
[2026-04-06 15:38:53.396] [85410] [INFO ] test_zoo_log.c:264 test_log_performance() - Performance test message 323
[2026-04-06 15:38:53.396] [85410] [INFO ] test_zoo_log.c:264 test_log_performance() - Performance test message 324
[2026-04-06 15:38:53.396] [85410] [INFO ] test_zoo_log.c:264 test_log_performance() - Performance test message 325
[2026-04-06 15:38:53.396] [85410] [INFO ] test_zoo_log.c:264 test_log_performance() - Performance test message 326
[2026-04-06 15:38:53.396] [85410] [INFO ] test_zoo_log.c:264 test_log_performance() - Performance test message 327
[2026-04-06 15:38:53.396] [85410] [INFO ] test_zoo_log.c:264 test_log_performance() - Performance test message 328
[2026-04-06 15:38:53.396] [85410] [INFO ] test_zoo_log.c:264 test_log_performance() - Performance test message 329
[2026-04-06 15:38:53.396] [85410] [INFO ] test_zoo_log.c:264 test_log_performance() - Performance test message 330
[2026-04-06 15:38:53.396] [85410] [INFO ] test_zoo_log.c:264 test_log_performance() - Performance test message 331
[2026-04-06 15:38:53.396] [85410] [INFO ] test_zoo_log.c:264 test_log_performance() - Performance test message 332
[2026-04-06 15:38:53.396] [85410] [INFO ] test_zoo_log.c:264 test_log_performance() - Performance test message 333
[2026-04-06 15:38:53.396] [85410] [INFO ] test_zoo_log.c:264 test_log_performance() - Performance test message 334
[2026-04-06 15:38:53.396] [85410] [INFO ] test_zoo_log.c:264 test_log_performance() - Performance test message 335
[2026-04-06 15:38:53.396] [85410] [INFO ] test_zoo_log.c:264 test_log_performance() - Performance test message 336
[2026-04-06 15:38:53.396] [85410] [INFO ] test_zoo_log.c:264 test_log_performance() - Performance test message 337
[2026-04-06 15:38:53.396] [85410] [INFO ] test_zoo_log.c:264 test_log_performance() - Performance test message 338
[2026-04-06 15:38:53.396] [85410] [INFO ] test_zoo_log.c:264 test_log_performance() - Performance test message 339
[2026-04-06 15:38:53.396] [85410] [INFO ] test_zoo_log.c:264 test_log_performance() - Performance test message 340
[2026-04-06 15:38:53.396] [85410] [INFO ] test_zoo_log.c:264 test_log_performance() - Performance test message 341
[2026-04-06 15:38:53.396] [85410] [INFO ] test_zoo_log.c:264 test_log_performance() - Performance test message 342
[2026-04-06 15:38:53.396] [85410] [INFO ] test_zoo_log.c:264 test_log_performance() - Performance test message 343
[2026-04-06 15:38:53.396] [85410] [INFO ] test_zoo_log.c:264 test_log_performance() - Performance test message 344
[2026-04-06 15:38:53.396] [85410] [INFO ] test_zoo_log.c:264 test_log_performance() - Performance test message 345
[2026-04-06 15:38:53.396] [85410] [INFO ] test_zoo_log.c:264 test_log_performance() - Performance test message 346
[2026-04-06 15:38:53.396] [85410] [INFO ] test_zoo_log.c:264 test_log_performance() - Performance test message 347
[2026-04-06 15:38:53.396] [85410] [INFO ] test_zoo_log.c:264 test_log_performance() - Performance test message 348
[2026-04-06 15:38:53.396] [85410] [INFO ] test_zoo_log.c:264 test_log_performance() - Performance test message 349
[2026-04-06 15:38:53.396] [85410] [INFO ] test_zoo_log.c:264 test_log_performance() - Performance test message 350
[2026-04-06 15:38:53.396] [85410] [INFO ] test_zoo_log.c:264 test_log_performance() - Performance test message 351
[2026-04-06 15:38:53.396] [85410] [INFO ] test_zoo_log.c:264 test_log_performance() - Performance test message 352
[2026-04-06 15:38:53.396] [85410] [INFO ] test_zoo_log.c:264 test_log_performance() - Performance test message 353
[2026-04-06 15:38:53.396] [85410] [INFO ] test_zoo_log.c:264 test_log_performance() - Performance test message 354
[2026-04-06 15:38:53.396] [85410] [INFO ] test_zoo_log.c:264 test_log_performance() - Performance test message 355
[2026-04-06 15:38:53.396] [85410] [INFO ] test_zoo_log.c:264 test_log_performance() - Performance test message 356
[2026-04-06 15:38:53.396] [85410] [INFO ] test_zoo_log.c:264 test_log_performance() - Performance test message 357
[2026-04-06 15:38:53.396] [85410] [INFO ] test_zoo_log.c:264 test_log_performance() - Performance test message 358
[2026-04-06 15:38:53.396] [85410] [INFO ] test_zoo_log.c:264 test_log_performance() - Performance test message 359
[2026-04-06 15:38:53.396] [85410] [INFO ] test_zoo_log.c:264 test_log_performance() - Performance test message 360
[2026-04-06 15:38:53.396] [85410] [INFO ] test_zoo_log.c:264 test_log_performance() - Performance test message 361
[2026-04-06 15:38:53.396] [85410] [INFO ] test_zoo_log.c:264 test_log_performance() - Performance test message 362
[2026-04-06 15:38:53.396] [85410] [INFO ] test_zoo_log.c:264 test_log_performance() - Performance test message 363
[2026-04-06 15:38:53.396] [85410] [INFO ] test_zoo_log.c:264 test_log_performance() - Performance test message 364
[2026-04-06 15:38:53.396] [85410] [INFO ] test_zoo_log.c:264 test_log_performance() - Performance test message 365
[2026-04-06 15:38:53.396] [85410] [INFO ] test_zoo_log.c:264 test_log_performance() - Performance test message 366
[2026-04-06 15:38:53.396] [85410] [INFO ] test_zoo_log.c:264 test_log_performance() - Performance test message 367
[2026-04-06 15:38:53.396] [85410] [INFO ] test_zoo_log.c:264 test_log_performance() - Performance test message 368
[2026-04-06 15:38:53.396] [85410] [INFO ] test_zoo_log.c:264 test_log_performance() - Performance test message 369
[2026-04-06 15:38:53.396] [85410] [INFO ] test_zoo_log.c:264 test_log_performance() - Performance test message 370
[2026-04-06 15:38:53.396] [85410] [INFO ] test_zoo_log.c:264 test_log_performance() - Performance test message 371
[2026-04-06 15:38:53.396] [85410] [INFO ] test_zoo_log.c:264 test_log_performance() - Performance test message 372
[2026-04-06 15:38:53.396] [85410] [INFO ] test_zoo_log.c:264 test_log_performance() - Performance test message 373
[2026-04-06 15:38:53.396] [85410] [INFO ] test_zoo_log.c:264 test_log_performance() - Performance test message 374
[2026-04-06 15:38:53.396] [85410] [INFO ] test_zoo_log.c:264 test_log_performance() - Performance test message 375
[2026-04-06 15:38:53.396] [85410] [INFO ] test_zoo_log.c:264 test_log_performance() - Performance test message 376
[2026-04-06 15:38:53.396] [85410] [INFO ] test_zoo_log.c:264 test_log_performance() - Performance test message 377
[2026-04-06 15:38:53.396] [85410] [INFO ] test_zoo_log.c:264 test_log_performance() - Performance test message 378
[2026-04-06 15:38:53.396] [85410] [INFO ] test_zoo_log.c:264 test_log_performance() - Performance test message 379
[2026-04-06 15:38:53.396] [85410] [INFO ] test_zoo_log.c:264 test_log_performance() - Performance test message 380
[2026-04-06 15:38:53.396] [85410] [INFO ] test_zoo_log.c:264 test_log_performance() - Performance test message 381
[2026-04-06 15:38:53.396] [85410] [INFO ] test_zoo_log.c:264 test_log_performance() - Performance test message 382
[2026-04-06 15:38:53.396] [85410] [INFO ] test_zoo_log.c:264 test_log_performance() - Performance test message 383
[2026-04-06 15:38:53.396] [85410] [INFO ] test_zoo_log.c:264 test_log_performance() - Performance test message 384
[2026-04-06 15:38:53.396] [85410] [INFO ] test_zoo_log.c:264 test_log_performance() - Performance test message 385
[2026-04-06 15:38:53.396] [85410] [INFO ] test_zoo_log.c:264 test_log_performance() - Performance test message 386
[2026-04-06 15:38:53.396] [85410] [INFO ] test_zoo_log.c:264 test_log_performance() - Performance test message 387
[2026-04-06 15:38:53.396] [85410] [INFO ] test_zoo_log.c:264 test_log_performance() - Performance test message 388
[2026-04-06 15:38:53.396] [85410] [INFO ] test_zoo_log.c:264 test_log_performance() - Performance test message 389
[2026-04-06 15:38:53.396] [85410] [INFO ] test_zoo_log.c:264 test_log_performance() - Performance test message 390
[2026-04-06 15:38:53.396] [85410] [INFO ] test_zoo_log.c:264 test_log_performance() - Performance test message 391
[2026-04-06 15:38:53.396] [85410] [INFO ] test_zoo_log.c:264 test_log_performance() - Performance test message 392
[2026-04-06 15:38:53.396] [85410] [INFO ] test_zoo_log.c:264 test_log_performance() - Performance test message 393
[2026-04-06 15:38:53.396] [85410] [INFO ] test_zoo_log.c:264 test_log_performance() - Performance test message 394
[2026-04-06 15:38:53.396] [85410] [INFO ] test_zoo_log.c:264 test_log_performance() - Performance test message 395
[2026-04-06 15:38:53.396] [85410] [INFO ] test_zoo_log.c:264 test_log_performance() - Performance test message 396
[2026-04-06 15:38:53.396] [85410] [INFO ] test_zoo_log.c:264 test_log_performance() - Performance test message 397
[2026-04-06 15:38:53.396] [85410] [INFO ] test_zoo_log.c:264 test_log_performance() - Performance test message 398
[2026-04-06 15:38:53.396] [85410] [INFO ] test_zoo_log.c:264 test_log_performance() - Performance test message 399
[2026-04-06 15:38:53.396] [85410] [INFO ] test_zoo_log.c:264 test_log_performance() - Performance test message 400
[2026-04-06 15:38:53.396] [85410] [INFO ] test_zoo_log.c:264 test_log_performance() - Performance test message 401
[2026-04-06 15:38:53.396] [85410] [INFO ] test_zoo_log.c:264 test_log_performance() - Performance test message 402
[2026-04-06 15:38:53.396] [85410] [INFO ] test_zoo_log.c:264 test_log_performance() - Performance test message 403
[2026-04-06 15:38:53.396] [85410] [INFO ] test_zoo_log.c:264 test_log_performance() - Performance test message 404
[2026-04-06 15:38:53.396] [85410] [INFO ] test_zoo_log.c:264 test_log_performance() - Performance test message 405
[2026-04-06 15:38:53.396] [85410] [INFO ] test_zoo_log.c:264 test_log_performance() - Performance test message 406
[2026-04-06 15:38:53.396] [85410] [INFO ] test_zoo_log.c:264 test_log_performance() - Performance test message 407
[2026-04-06 15:38:53.396] [85410] [INFO ] test_zoo_log.c:264 test_log_performance() - Performance test message 408
[2026-04-06 15:38:53.396] [85410] [INFO ] test_zoo_log.c:264 test_log_performance() - Performance test message 409
[2026-04-06 15:38:53.396] [85410] [INFO ] test_zoo_log.c:264 test_log_performance() - Performance test message 410
[2026-04-06 15:38:53.396] [85410] [INFO ] test_zoo_log.c:264 test_log_performance() - Performance test message 411
[2026-04-06 15:38:53.396] [85410] [INFO ] test_zoo_log.c:264 test_log_performance() - Performance test message 412
[2026-04-06 15:38:53.396] [85410] [INFO ] test_zoo_log.c:264 test_log_performance() - Performance test message 413
[2026-04-06 15:38:53.396] [85410] [INFO ] test_zoo_log.c:264 test_log_performance() - Performance test message 414
[2026-04-06 15:38:53.396] [85410] [INFO ] test_zoo_log.c:264 test_log_performance() - Performance test message 415
[2026-04-06 15:38:53.396] [85410] [INFO ] test_zoo_log.c:264 test_log_performance() - Performance test message 416
[2026-04-06 15:38:53.396] [85410] [INFO ] test_zoo_log.c:264 test_log_performance() - Performance test message 417
[2026-04-06 15:38:53.396] [85410] [INFO ] test_zoo_log.c:264 test_log_performance() - Performance test message 418
[2026-04-06 15:38:53.396] [85410] [INFO ] test_zoo_log.c:264 test_log_performance() - Performance test message 419
[2026-04-06 15:38:53.396] [85410] [INFO ] test_zoo_log.c:264 test_log_performance() - Performance test message 420
[2026-04-06 15:38:53.396] [85410] [INFO ] test_zoo_log.c:264 test_log_performance() - Performance test message 421
[2026-04-06 15:38:53.396] [85410] [INFO ] test_zoo_log.c:264 test_log_performance() - Performance test message 422
[2026-04-06 15:38:53.396] [85410] [INFO ] test_zoo_log.c:264 test_log_performance() - Performance test message 423
[2026-04-06 15:38:53.396] [85410] [INFO ] test_zoo_log.c:264 test_log_performance() - Performance test message 424
[2026-04-06 15:38:53.396] [85410] [INFO ] test_zoo_log.c:264 test_log_performance() - Performance test message 425
[2026-04-06 15:38:53.396] [85410] [INFO ] test_zoo_log.c:264 test_log_performance() - Performance test message 426
[2026-04-06 15:38:53.396] [85410] [INFO ] test_zoo_log.c:264 test_log_performance() - Performance test message 427
[2026-04-06 15:38:53.396] [85410] [INFO ] test_zoo_log.c:264 test_log_performance() - Performance test message 428
[2026-04-06 15:38:53.396] [85410] [INFO ] test_zoo_log.c:264 test_log_performance() - Performance test message 429
[2026-04-06 15:38:53.396] [85410] [INFO ] test_zoo_log.c:264 test_log_performance() - Performance test message 430
[2026-04-06 15:38:53.396] [85410] [INFO ] test_zoo_log.c:264 test_log_performance() - Performance test message 431
[2026-04-06 15:38:53.396] [85410] [INFO ] test_zoo_log.c:264 test_log_performance() - Performance test message 432
[2026-04-06 15:38:53.396] [85410] [INFO ] test_zoo_log.c:264 test_log_performance() - Performance test message 433
[2026-04-06 15:38:53.396] [85410] [INFO ] test_zoo_log.c:264 test_log_performance() - Performance test message 434
[2026-04-06 15:38:53.396] [85410] [INFO ] test_zoo_log.c:264 test_log_performance() - Performance test message 435
[2026-04-06 15:38:53.396] [85410] [INFO ] test_zoo_log.c:264 test_log_performance() - Performance test message 436
[2026-04-06 15:38:53.396] [85410] [INFO ] test_zoo_log.c:264 test_log_performance() - Performance test message 437
[2026-04-06 15:38:53.396] [85410] [INFO ] test_zoo_log.c:264 test_log_performance() - Performance test message 438
[2026-04-06 15:38:53.396] [85410] [INFO ] test_zoo_log.c:264 test_log_performance() - Performance test message 439
[2026-04-06 15:38:53.396] [85410] [INFO ] test_zoo_log.c:264 test_log_performance() - Performance test message 440
[2026-04-06 15:38:53.396] [85410] [INFO ] test_zoo_log.c:264 test_log_performance() - Performance test message 441
[2026-04-06 15:38:53.396] [85410] [INFO ] test_zoo_log.c:264 test_log_performance() - Performance test message 442
[2026-04-06 15:38:53.396] [85410] [INFO ] test_zoo_log.c:264 test_log_performance() - Performance test message 443
[2026-04-06 15:38:53.396] [85410] [INFO ] test_zoo_log.c:264 test_log_performance() - Performance test message 444
[2026-04-06 15:38:53.396] [85410] [INFO ] test_zoo_log.c:264 test_log_performance() - Performance test message 445
[2026-04-06 15:38:53.396] [85410] [INFO ] test_zoo_log.c:264 test_log_performance() - Performance test message 446
[2026-04-06 15:38:53.396] [85410] [INFO ] test_zoo_log.c:264 test_log_performance() - Performance test message 447
[2026-04-06 15:38:53.396] [85410] [INFO ] test_zoo_log.c:264 test_log_performance() - Performance test message 448
[2026-04-06 15:38:53.396] [85410] [INFO ] test_zoo_log.c:264 test_log_performance() - Performance test message 449
[2026-04-06 15:38:53.396] [85410] [INFO ] test_zoo_log.c:264 test_log_performance() - Performance test message 450
[2026-04-06 15:38:53.396] [85410] [INFO ] test_zoo_log.c:264 test_log_performance() - Performance test message 451
[2026-04-06 15:38:53.396] [85410] [INFO ] test_zoo_log.c:264 test_log_performance() - Performance test message 452
[2026-04-06 15:38:53.396] [85410] [INFO ] test_zoo_log.c:264 test_log_performance() - Performance test message 453
[2026-04-06 15:38:53.396] [85410] [INFO ] test_zoo_log.c:264 test_log_performance() - Performance test message 454
[2026-04-06 15:38:53.396] [85410] [INFO ] test_zoo_log.c:264 test_log_performance() - Performance test message 455
[2026-04-06 15:38:53.396] [85410] [INFO ] test_zoo_log.c:264 test_log_performance() - Performance test message 456
[2026-04-06 15:38:53.396] [85410] [INFO ] test_zoo_log.c:264 test_log_performance() - Performance test message 457
[2026-04-06 15:38:53.396] [85410] [INFO ] test_zoo_log.c:264 test_log_performance() - Performance test message 458
[2026-04-06 15:38:53.396] [85410] [INFO ] test_zoo_log.c:264 test_log_performance() - Performance test message 459
[2026-04-06 15:38:53.396] [85410] [INFO ] test_zoo_log.c:264 test_log_performance() - Performance test message 460
[2026-04-06 15:38:53.396] [85410] [INFO ] test_zoo_log.c:264 test_log_performance() - Performance test message 461
[2026-04-06 15:38:53.396] [85410] [INFO ] test_zoo_log.c:264 test_log_performance() - Performance test message 462
[2026-04-06 15:38:53.396] [85410] [INFO ] test_zoo_log.c:264 test_log_performance() - Performance test message 463
[2026-04-06 15:38:53.396] [85410] [INFO ] test_zoo_log.c:264 test_log_performance() - Performance test message 464
[2026-04-06 15:38:53.396] [85410] [INFO ] test_zoo_log.c:264 test_log_performance() - Performance test message 465
[2026-04-06 15:38:53.396] [85410] [INFO ] test_zoo_log.c:264 test_log_performance() - Performance test message 466
[2026-04-06 15:38:53.397] [85410] [INFO ] test_zoo_log.c:264 test_log_performance() - Performance test message 467
[2026-04-06 15:38:53.397] [85410] [INFO ] test_zoo_log.c:264 test_log_performance() - Performance test message 468
[2026-04-06 15:38:53.397] [85410] [INFO ] test_zoo_log.c:264 test_log_performance() - Performance test message 469
[2026-04-06 15:38:53.397] [85410] [INFO ] test_zoo_log.c:264 test_log_performance() - Performance test message 470
[2026-04-06 15:38:53.397] [85410] [INFO ] test_zoo_log.c:264 test_log_performance() - Performance test message 471
[2026-04-06 15:38:53.397] [85410] [INFO ] test_zoo_log.c:264 test_log_performance() - Performance test message 472
[2026-04-06 15:38:53.397] [85410] [INFO ] test_zoo_log.c:264 test_log_performance() - Performance test message 473
[2026-04-06 15:38:53.397] [85410] [INFO ] test_zoo_log.c:264 test_log_performance() - Performance test message 474
[2026-04-06 15:38:53.397] [85410] [INFO ] test_zoo_log.c:264 test_log_performance() - Performance test message 475
[2026-04-06 15:38:53.397] [85410] [INFO ] test_zoo_log.c:264 test_log_performance() - Performance test message 476
[2026-04-06 15:38:53.397] [85410] [INFO ] test_zoo_log.c:264 test_log_performance() - Performance test message 477
[2026-04-06 15:38:53.397] [85410] [INFO ] test_zoo_log.c:264 test_log_performance() - Performance test message 478
[2026-04-06 15:38:53.397] [85410] [INFO ] test_zoo_log.c:264 test_log_performance() - Performance test message 479
[2026-04-06 15:38:53.397] [85410] [INFO ] test_zoo_log.c:264 test_log_performance() - Performance test message 480
[2026-04-06 15:38:53.397] [85410] [INFO ] test_zoo_log.c:264 test_log_performance() - Performance test message 481
[2026-04-06 15:38:53.397] [85410] [INFO ] test_zoo_log.c:264 test_log_performance() - Performance test message 482
[2026-04-06 15:38:53.397] [85410] [INFO ] test_zoo_log.c:264 test_log_performance() - Performance test message 483
[2026-04-06 15:38:53.397] [85410] [INFO ] test_zoo_log.c:264 test_log_performance() - Performance test message 484
[2026-04-06 15:38:53.397] [85410] [INFO ] test_zoo_log.c:264 test_log_performance() - Performance test message 485
[2026-04-06 15:38:53.397] [85410] [INFO ] test_zoo_log.c:264 test_log_performance() - Performance test message 486
[2026-04-06 15:38:53.397] [85410] [INFO ] test_zoo_log.c:264 test_log_performance() - Performance test message 487
[2026-04-06 15:38:53.397] [85410] [INFO ] test_zoo_log.c:264 test_log_performance() - Performance test message 488
[2026-04-06 15:38:53.397] [85410] [INFO ] test_zoo_log.c:264 test_log_performance() - Performance test message 489
[2026-04-06 15:38:53.397] [85410] [INFO ] test_zoo_log.c:264 test_log_performance() - Performance test message 490
[2026-04-06 15:38:53.397] [85410] [INFO ] test_zoo_log.c:264 test_log_performance() - Performance test message 491
[2026-04-06 15:38:53.397] [85410] [INFO ] test_zoo_log.c:264 test_log_performance() - Performance test message 492
[2026-04-06 15:38:53.397] [85410] [INFO ] test_zoo_log.c:264 test_log_performance() - Performance test message 493
[...]
[2026-04-06 15:38:46.461] [85208] [INFO ] zoo_smb_qos_policy.c:72 log_policy() -   deadline.deadline_duration = 5000
[2026-04-06 15:38:46.461] [85208] [INFO ] zoo_smb_qos_policy.c:73 log_policy() -   liveliness.kind = 1
[2026-04-06 15:38:46.461] [85208] [INFO ] zoo_smb_qos_policy.c:74 log_policy() -   liveliness.lease_duration_ms = 30000
[2026-04-06 15:38:46.461] [85208] [INFO ] zoo_smb_qos_policy.c:75 log_policy() -   ownership.kind = 1
[2026-04-06 15:38:46.461] [85208] [INFO ] zoo_smb_qos_policy.c:76 log_policy() -   ownership.strength = 0
[2026-04-06 15:38:46.461] [85208] [INFO ] zoo_smb_qos_policy.c:77 log_policy() -   destination_order.kind = 1
[2026-04-06 15:38:46.461] [85208] [INFO ] zoo_smb_qos_policy.c:78 log_policy() -   lifespan.duration_ms = 0
[2026-04-06 15:38:46.461] [85208] [INFO ] zoo_smb_qos_policy.c:79 log_policy() -   latency_budget.duration_ms = 0
[2026-04-06 15:38:46.461] [85208] [INFO ] zoo_smb_qos_policy.c:80 log_policy() -   resource_limits.max_samples = 1024
[2026-04-06 15:38:46.461] [85208] [INFO ] zoo_smb_qos_policy.c:81 log_policy() -   resource_limits.max_instances = 1
[2026-04-06 15:38:46.461] [85208] [INFO ] zoo_smb_qos_policy.c:82 log_policy() -   resource_limits.max_samples_per_instance = 1024
[2026-04-06 15:38:46.461] [85208] [INFO ] zoo_smb_qos_policy.c:83 log_policy() - }
[2026-04-06 15:38:46.461] [85208] [INFO ] zoo_smb_node_observer.c:108 zoo_smb_create_node_observer_and_insert() - observer 'it_client_req' inserted
[2026-04-06 15:38:46.461] [85208] [INFO ] zoo_smb_node_observer.c:108 zoo_smb_create_node_observer_and_insert() - observer 'it_client_req' inserted
[2026-04-06 15:38:47.397] [85210] [INFO ] zoo_smb_service_manager.c:557 zoo_smb_service_manager_register_service() - New service it_server_h, service_type:1 topic:it/topic registered
[2026-04-06 15:38:51.462] [85208] [ERROR] zoo_smb.c:316 make_node_associate_with_bus() - Service 'it_server_req' not found within timeout:5000
[2026-04-06 15:38:51.462] [85208] [INFO ] zoo_smb.c:386 zoo_smb_register_node() - Node registered successfully: it_server_req, topic: it/topic, transport type: 1
[2026-04-06 15:38:51.462] [85208] [INFO ] zoo_smb_client.c:302 zoo_smb_create_client() - Created SMB client node: it_client_req, target: it_server_req, topic: it/topic
[2026-04-06 15:38:51.462] [85208] [ERROR] zoo_smb_client.c:369 zoo_smb_client_send_request() - Invalid parameters: node=it_client_req, request_id=0x7fff23387c00
[2026-04-06 15:38:51.462] [85208] [ERROR] zoo_smb_client.c:369 zoo_smb_client_send_request() - Invalid parameters: node=it_client_req, request_id=(nil)
/home/mozeat/zoo/smb/tests/integration/test_zoo_smb_integration.c:214:test_integration_client_invalid_send_request_params:PASS
[2026-04-06 15:38:51.462] [85208] [INFO ] zoo_smb_node.c:84 zoo_smb_create_node() - Node created: it_subscriber_sub, type: 3, target: it_publisher_sub, topic: it/topic
[2026-04-06 15:38:51.462] [85208] [INFO ] zoo_smb_node_observer.c:108 zoo_smb_create_node_observer_and_insert() - observer 'it_subscriber_sub' inserted
[2026-04-06 15:38:51.462] [85208] [INFO ] zoo_smb_node_observer.c:108 zoo_smb_create_node_observer_and_insert() - observer 'it_subscriber_sub' inserted
[2026-04-06 15:38:51.462] [85208] [INFO ] zoo_smb_qos_policy.c:64 log_policy() - ZOO_SMB_QOS_POLICY_STRUCT {
[2026-04-06 15:38:51.462] [85208] [INFO ] zoo_smb_qos_policy.c:65 log_policy() -   priority.kind = 3
[2026-04-06 15:38:51.462] [85208] [INFO ] zoo_smb_qos_policy.c:66 log_policy() -   reliability.kind = 1
[2026-04-06 15:38:51.462] [85208] [INFO ] zoo_smb_qos_policy.c:67 log_policy() -   reliability.max_blocking_time_ms = 5000
[2026-04-06 15:38:51.462] [85208] [INFO ] zoo_smb_qos_policy.c:68 log_policy() -   history.kind = 1
[2026-04-06 15:38:51.462] [85208] [INFO ] zoo_smb_qos_policy.c:69 log_policy() -   history.depth = 0
[2026-04-06 15:38:51.462] [85208] [INFO ] zoo_smb_qos_policy.c:70 log_policy() -   durability.kind = 1
[2026-04-06 15:38:51.462] [85208] [INFO ] zoo_smb_qos_policy.c:71 log_policy() -   deadline.deadline_time = 0
[2026-04-06 15:38:51.462] [85208] [INFO ] zoo_smb_qos_policy.c:72 log_policy() -   deadline.deadline_duration = 5000
[2026-04-06 15:38:51.462] [85208] [INFO ] zoo_smb_qos_policy.c:73 log_policy() -   liveliness.kind = 1
[2026-04-06 15:38:51.462] [85208] [INFO ] zoo_smb_qos_policy.c:74 log_policy() -   liveliness.lease_duration_ms = 30000
[2026-04-06 15:38:51.462] [85208] [INFO ] zoo_smb_qos_policy.c:75 log_policy() -   ownership.kind = 1
[2026-04-06 15:38:51.462] [85208] [INFO ] zoo_smb_qos_policy.c:76 log_policy() -   ownership.strength = 0
[2026-04-06 15:38:51.462] [85208] [INFO ] zoo_smb_qos_policy.c:77 log_policy() -   destination_order.kind = 1
[2026-04-06 15:38:51.462] [85208] [INFO ] zoo_smb_qos_policy.c:78 log_policy() -   lifespan.duration_ms = 0
[2026-04-06 15:38:51.462] [85208] [INFO ] zoo_smb_qos_policy.c:79 log_policy() -   latency_budget.duration_ms = 0
[2026-04-06 15:38:51.462] [85208] [INFO ] zoo_smb_qos_policy.c:80 log_policy() -   resource_limits.max_samples = 1024
[2026-04-06 15:38:51.462] [85208] [INFO ] zoo_smb_qos_policy.c:81 log_policy() -   resource_limits.max_instances = 1
[2026-04-06 15:38:51.462] [85208] [INFO ] zoo_smb_qos_policy.c:82 log_policy() -   resource_limits.max_samples_per_instance = 1024
[2026-04-06 15:38:51.462] [85208] [INFO ] zoo_smb_qos_policy.c:83 log_policy() - }
[2026-04-06 15:38:51.462] [85208] [INFO ] zoo_smb_qos_policy.c:64 log_policy() - ZOO_SMB_QOS_POLICY_STRUCT {
[2026-04-06 15:38:51.462] [85208] [INFO ] zoo_smb_qos_policy.c:65 log_policy() -   priority.kind = 3
[2026-04-06 15:38:51.462] [85208] [INFO ] zoo_smb_qos_policy.c:66 log_policy() -   reliability.kind = 1
[2026-04-06 15:38:51.462] [85208] [INFO ] zoo_smb_qos_policy.c:67 log_policy() -   reliability.max_blocking_time_ms = 5000
[2026-04-06 15:38:51.462] [85208] [INFO ] zoo_smb_qos_policy.c:68 log_policy() -   history.kind = 1
[2026-04-06 15:38:51.462] [85208] [INFO ] zoo_smb_qos_policy.c:69 log_policy() -   history.depth = 0
[2026-04-06 15:38:51.462] [85208] [INFO ] zoo_smb_qos_policy.c:70 log_policy() -   durability.kind = 1
[2026-04-06 15:38:51.462] [85208] [INFO ] zoo_smb_qos_policy.c:71 log_policy() -   deadline.deadline_time = 0
[2026-04-06 15:38:51.462] [85208] [INFO ] zoo_smb_qos_policy.c:72 log_policy() -   deadline.deadline_duration = 5000
[2026-04-06 15:38:51.462] [85208] [INFO ] zoo_smb_qos_policy.c:73 log_policy() -   liveliness.kind = 1
[2026-04-06 15:38:51.462] [85208] [INFO ] zoo_smb_qos_policy.c:74 log_policy() -   liveliness.lease_duration_ms = 30000
[2026-04-06 15:38:51.462] [85208] [INFO ] zoo_smb_qos_policy.c:75 log_policy() -   ownership.kind = 1
[2026-04-06 15:38:51.462] [85208] [INFO ] zoo_smb_qos_policy.c:76 log_policy() -   ownership.strength = 0
[2026-04-06 15:38:51.462] [85208] [INFO ] zoo_smb_qos_policy.c:77 log_policy() -   destination_order.kind = 1
[2026-04-06 15:38:51.462] [85208] [INFO ] zoo_smb_qos_policy.c:78 log_policy() -   lifespan.duration_ms = 0
[2026-04-06 15:38:51.462] [85208] [INFO ] zoo_smb_qos_policy.c:79 log_policy() -   latency_budget.duration_ms = 0
[2026-04-06 15:38:51.462] [85208] [INFO ] zoo_smb_qos_policy.c:80 log_policy() -   resource_limits.max_samples = 1024
[2026-04-06 15:38:51.462] [85208] [INFO ] zoo_smb_qos_policy.c:81 log_policy() -   resource_limits.max_instances = 1
[2026-04-06 15:38:51.462] [85208] [INFO ] zoo_smb_qos_policy.c:82 log_policy() -   resource_limits.max_samples_per_instance = 1024
[2026-04-06 15:38:51.462] [85208] [INFO ] zoo_smb_qos_policy.c:83 log_policy() - }
[2026-04-06 15:38:56.463] [85208] [ERROR] zoo_smb.c:316 make_node_associate_with_bus() - Service 'it_publisher_sub' not found within timeout:5000
[2026-04-06 15:38:56.463] [85208] [INFO ] zoo_smb.c:386 zoo_smb_register_node() - Node registered successfully: it_publisher_sub, topic: it/topic, transport type: 1
[2026-04-06 15:38:56.463] [85208] [ERROR] zoo_smb_subscriber.c:440 zoo_smb_subscribe_message() - Invalid parameters: node=0x55fe71333580, msg_id=100, handler=(nil)
/home/mozeat/zoo/smb/tests/integration/test_zoo_smb_integration.c:215:test_integration_subscriber_invalid_subscribe_params:PASS
[2026-04-06 15:38:56.463] [85208] [INFO ] zoo_smb_node.c:84 zoo_smb_create_node() - Node created: it_publisher_pub, type: 2, target: it_target_pub, topic: it/topic
[2026-04-06 15:38:56.463] [85208] [INFO ] zoo_smb_node_observer.c:108 zoo_smb_create_node_observer_and_insert() - observer 'it_publisher_pub' inserted
[2026-04-06 15:38:56.463] [85208] [INFO ] zoo_smb_node_observer.c:108 zoo_smb_create_node_observer_and_insert() - observer 'it_publisher_pub' inserted
[2026-04-06 15:38:56.463] [85208] [INFO ] zoo_smb_qos_policy.c:64 log_policy() - ZOO_SMB_QOS_POLICY_STRUCT {
[2026-04-06 15:38:56.463] [85208] [INFO ] zoo_smb_qos_policy.c:65 log_policy() -   priority.kind = 3
[2026-04-06 15:38:56.463] [85208] [INFO ] zoo_smb_qos_policy.c:66 log_policy() -   reliability.kind = 1
[2026-04-06 15:38:56.463] [85208] [INFO ] zoo_smb_qos_policy.c:67 log_policy() -   reliability.max_blocking_time_ms = 5000
[2026-04-06 15:38:56.463] [85208] [INFO ] zoo_smb_qos_policy.c:68 log_policy() -   history.kind = 1
[2026-04-06 15:38:56.463] [85208] [INFO ] zoo_smb_qos_policy.c:69 log_policy() -   history.depth = 0
[2026-04-06 15:38:56.463] [85208] [INFO ] zoo_smb_qos_policy.c:70 log_policy() -   durability.kind = 1
[2026-04-06 15:38:56.463] [85208] [INFO ] zoo_smb_qos_policy.c:71 log_policy() -   deadline.deadline_time = 0
[2026-04-06 15:38:56.463] [85208] [INFO ] zoo_smb_qos_policy.c:72 log_policy() -   deadline.deadline_duration = 5000
[2026-04-06 15:38:56.463] [85208] [INFO ] zoo_smb_qos_policy.c:73 log_policy() -   liveliness.kind = 1
[2026-04-06 15:38:56.463] [85208] [INFO ] zoo_smb_qos_policy.c:74 log_policy() -   liveliness.lease_duration_ms = 30000
[2026-04-06 15:38:56.463] [85208] [INFO ] zoo_smb_qos_policy.c:75 log_policy() -   ownership.kind = 1
[2026-04-06 15:38:56.463] [85208] [INFO ] zoo_smb_qos_policy.c:76 log_policy() -   ownership.strength = 0
[2026-04-06 15:38:56.463] [85208] [INFO ] zoo_smb_qos_policy.c:77 log_policy() -   destination_order.kind = 1
[2026-04-06 15:38:56.463] [85208] [INFO ] zoo_smb_qos_policy.c:78 log_policy() -   lifespan.duration_ms = 0
[2026-04-06 15:38:56.463] [85208] [INFO ] zoo_smb_qos_policy.c:79 log_policy() -   latency_budget.duration_ms = 0
[2026-04-06 15:38:56.463] [85208] [INFO ] zoo_smb_qos_policy.c:80 log_policy() -   resource_limits.max_samples = 1024
[2026-04-06 15:38:56.463] [85208] [INFO ] zoo_smb_qos_policy.c:81 log_policy() -   resource_limits.max_instances = 1
[2026-04-06 15:38:56.463] [85208] [INFO ] zoo_smb_qos_policy.c:82 log_policy() -   resource_limits.max_samples_per_instance = 1024
[2026-04-06 15:38:56.463] [85208] [INFO ] zoo_smb_qos_policy.c:83 log_policy() - }
[2026-04-06 15:38:56.463] [85208] [INFO ] zoo_smb_qos_policy.c:64 log_policy() - ZOO_SMB_QOS_POLICY_STRUCT {
[2026-04-06 15:38:56.463] [85208] [INFO ] zoo_smb_qos_policy.c:65 log_policy() -   priority.kind = 3
[2026-04-06 15:38:56.463] [85208] [INFO ] zoo_smb_qos_policy.c:66 log_policy() -   reliability.kind = 1
[2026-04-06 15:38:56.463] [85208] [INFO ] zoo_smb_qos_policy.c:67 log_policy() -   reliability.max_blocking_time_ms = 5000
[2026-04-06 15:38:56.463] [85208] [INFO ] zoo_smb_qos_policy.c:68 log_policy() -   history.kind = 1
[2026-04-06 15:38:56.463] [85208] [INFO ] zoo_smb_qos_policy.c:69 log_policy() -   history.depth = 0
[2026-04-06 15:38:56.463] [85208] [INFO ] zoo_smb_qos_policy.c:70 log_policy() -   durability.kind = 1
[2026-04-06 15:38:56.463] [85208] [INFO ] zoo_smb_qos_policy.c:71 log_policy() -   deadline.deadline_time = 0
[2026-04-06 15:38:56.463] [85208] [INFO ] zoo_smb_qos_policy.c:72 log_policy() -   deadline.deadline_duration = 5000
[2026-04-06 15:38:56.463] [85208] [INFO ] zoo_smb_qos_policy.c:73 log_policy() -   liveliness.kind = 1
[2026-04-06 15:38:56.463] [85208] [INFO ] zoo_smb_qos_policy.c:74 log_policy() -   liveliness.lease_duration_ms = 30000
[2026-04-06 15:38:56.463] [85208] [INFO ] zoo_smb_qos_policy.c:75 log_policy() -   ownership.kind = 1
[2026-04-06 15:38:56.463] [85208] [INFO ] zoo_smb_qos_policy.c:76 log_policy() -   ownership.strength = 0
[2026-04-06 15:38:56.463] [85208] [INFO ] zoo_smb_qos_policy.c:77 log_policy() -   destination_order.kind = 1
[2026-04-06 15:38:56.463] [85208] [INFO ] zoo_smb_qos_policy.c:78 log_policy() -   lifespan.duration_ms = 0
[2026-04-06 15:38:56.463] [85208] [INFO ] zoo_smb_qos_policy.c:79 log_policy() -   latency_budget.duration_ms = 0
[2026-04-06 15:38:56.463] [85208] [INFO ] zoo_smb_qos_policy.c:80 log_policy() -   resource_limits.max_samples = 1024
[2026-04-06 15:38:56.463] [85208] [INFO ] zoo_smb_qos_policy.c:81 log_policy() -   resource_limits.max_instances = 1
[2026-04-06 15:38:56.463] [85208] [INFO ] zoo_smb_qos_policy.c:82 log_policy() -   resource_limits.max_samples_per_instance = 1024
[2026-04-06 15:38:56.463] [85208] [INFO ] zoo_smb_qos_policy.c:83 log_policy() - }
[2026-04-06 15:38:56.464] [85208] [INFO ] zoo_smb_port_manager.c:660 attempt_port_allocation() - Successfully allocated port 13803
[2026-04-06 15:38:56.464] [85208] [INFO ] zoo_smb_service_manager.c:518 zoo_smb_service_manager_make_service() - service it_target_pub, service_type:2 added
[2026-04-06 15:38:56.464] [85208] [INFO ] zoo_smb_transport_manager.c:619 init_transport_config() - init: type=1, name='it_target_pub', addr='127.0.0.1':13803,  multicast='224.1.1.100':49000
[2026-04-06 15:38:56.464] [85208] [INFO ] zoo_smb_transport.c:70 zoo_smb_transport_alloc_and_init() - Transport config: name=it_target_pub, type=1, address=127.0.0.1, port=13803
[2026-04-06 15:38:56.464] [85208] [INFO ] zoo_smb_transport.c:209 zoo_smb_transport_register() - Registering transport type 1
[2026-04-06 15:38:56.464] [85208] [INFO ] zoo_smb_transport_udp.c:196 zoo_smb_transport_udp_init() - UDP transport module registered (dispatch to client/server)
[2026-04-06 15:38:56.464] [85208] [INFO ] zoo_smb_transport_udp_common.c:933 udp_common_init() - UDP server initialization completed successfully: socket=13, multicast=enabled
[2026-04-06 15:38:56.464] [85208] [INFO ] zoo_smb_transport_udp_server.c:104 udp_server_init() - UDP server transport initialized for unicast: target 127.0.0.1:13803
[2026-04-06 15:38:56.464] [85208] [INFO ] zoo_smb_transport.c:251 zoo_smb_create_transport() - transport 'it_target_pub' created successfully
[2026-04-06 15:38:56.464] [85208] [INFO ] zoo_smb_transport_observer.c:213 add_transport_data_observer() - add_transport_data_observer: Observer 0x55fe71334f50 added successfully
[2026-04-06 15:38:56.464] [85208] [INFO ] zoo_smb_transport.c:308 zoo_smb_transport_add_data_observer() - Observer 0x55fe71334f50 registered successfully
[2026-04-06 15:38:56.464] [85208] [INFO ] zoo_smb_transport.c:365 zoo_smb_transport_start() - Starting transport 'it_target_pub'
[2026-04-06 15:38:56.464] [85230] [INFO ] zoo_smb_transport_udp_server.c:152 udp_server_start() - UDP server transport started
[2026-04-06 15:38:56.485] [85208] [INFO ] zoo_smb.c:386 zoo_smb_register_node() - Node registered successfully: it_target_pub, topic: it/topic, transport type: 1
[2026-04-06 15:38:56.485] [85208] [INFO ] zoo_smb_publisher.c:596 zoo_smb_create_publisher() - Publisher node it_publisher_pub target it_target_pub topic it/topic created successfully
[2026-04-06 15:38:56.485] [85208] [ERROR] zoo_smb_publisher.c:642 zoo_smb_publish_message() - Invalid parameters: node=0x55fe7132ac60
/home/mozeat/zoo/smb/tests/integration/test_zoo_smb_integration.c:216:test_integration_publisher_invalid_publish_params:PASS

-----------------------
9 Tests 0 Failures 0 Ignored 
OK
[2026-04-06 15:38:57.408] [85208] [INFO ] zoo_smb_transport_observer.c:189 remove_transport_data_observer() - remove_transport_data_observer: Observer 0x55fe713213b0 removed successfully
[2026-04-06 15:38:57.812] [85208] [INFO ] zoo_smb_transport.c:190 zoo_smb_transport_free_impl() - transport implementation destroyed for 'Discovery'
[2026-04-06 15:38:57.812] [85208] [INFO ] zoo_smb_transport_udp_server.c:171 udp_server_stop() - UDP server transport stopped
[2026-04-06 15:38:57.812] [85208] [INFO ] zoo_smb_transport_udp_server.c:131 udp_server_destroy() - UDP server transport destroyed
[2026-04-06 15:38:57.812] [85208] [INFO ] zoo_smb_transport.c:190 zoo_smb_transport_free_impl() - transport implementation destroyed for 'it_server'
[2026-04-06 15:38:57.812] [85208] [INFO ] zoo_smb_transport_udp_server.c:171 udp_server_stop() - UDP server transport stopped
[2026-04-06 15:38:57.812] [85208] [INFO ] zoo_smb_transport_udp_server.c:131 udp_server_destroy() - UDP server transport destroyed
[2026-04-06 15:38:57.812] [85208] [INFO ] zoo_smb_transport.c:190 zoo_smb_transport_free_impl() - transport implementation destroyed for 'it_target'
[2026-04-06 15:38:57.812] [85208] [INFO ] zoo_smb_transport_udp_server.c:171 udp_server_stop() - UDP server transport stopped
[2026-04-06 15:38:57.812] [85208] [INFO ] zoo_smb_transport_udp_server.c:131 udp_server_destroy() - UDP server transport destroyed
[2026-04-06 15:38:57.812] [85208] [INFO ] zoo_smb_transport.c:190 zoo_smb_transport_free_impl() - transport implementation destroyed for 'it_server_h'
[2026-04-06 15:38:57.812] [85208] [INFO ] zoo_smb_transport_udp_server.c:171 udp_server_stop() - UDP server transport stopped
[2026-04-06 15:38:57.812] [85208] [INFO ] zoo_smb_transport_udp_server.c:131 udp_server_destroy() - UDP server transport destroyed
[2026-04-06 15:38:57.812] [85208] [INFO ] zoo_smb_transport.c:190 zoo_smb_transport_free_impl() - transport implementation destroyed for 'it_target_pub'
[2026-04-06 15:38:58.520] [85230] [INFO ] zoo_smb_transport_udp_server.c:68 udp_server_receive_loop() - UDP server receive loop stopped
[2026-04-06 15:38:58.712] [85229] [INFO ] zoo_smb_transport_udp_server.c:68 udp_server_receive_loop() - UDP server receive loop stopped
[2026-04-06 15:38:58.808] [85228] [INFO ] zoo_smb_transport_udp_server.c:68 udp_server_receive_loop() - UDP server receive loop stopped
[2026-04-06 15:38:58.808] [85213] [INFO ] zoo_smb_transport_udp_server.c:68 udp_server_receive_loop() - UDP server receive loop stopped
<end of output>
Test time =  18.42 sec
----------------------------------------------------------
Test Passed.
"test_zoo_smb_integration" end time: Apr 06 15:38 CST
"test_zoo_smb_integration" time elapsed: 00:00:18
----------------------------------------------------------

4/30 Testing: zoo_dispatcher_performance_tests
4/30 Test: zoo_dispatcher_performance_tests
Command: "/home/mozeat/zoo/build/dispatcher/tests/zoo_dispatcher_performance_tests_bin" "--basic"
Directory: /home/mozeat/zoo/build/dispatcher/tests
"zoo_dispatcher_performance_tests" start time: Apr 06 15:38 CST
Output:
----------------------------------------------------------
ZOO Dispatcher Performance Test Suite
====================================
Performance test environment initialized
Starting performance tests...
Press Ctrl+C to stop tests gracefully.

=== Basic Throughput Test ===
Allocation failed at message 7656

Basic Throughput Performance Results:
=====================================
Messages Processed:   1924
Total Time:          -1775461120.393 seconds
Throughput:          -0.00 messages/second
Average Latency:     19541286.89 microseconds
Min Latency:         1209.00 microseconds
Max Latency:         27039375.00 microseconds
Errors:              158
Performance test environment cleaned up

Performance testing completed.
<end of output>
Test time =  31.12 sec
----------------------------------------------------------
Test Passed.
"zoo_dispatcher_performance_tests" end time: Apr 06 15:39 CST
"zoo_dispatcher_performance_tests" time elapsed: 00:00:31
----------------------------------------------------------

End testing: Apr 06 15:39 CST

core =   0.02 sec*proc

integration =   4.74 sec*proc

log =   0.02 sec*proc

performance =  31.12 sec*proc

unit =   0.42 sec*proc

