<?xml version="1.0" encoding="UTF-8"?>
<Site BuildName="(empty)"
	BuildStamp="20260406-0713-Experimental"
	Name="(empty)"
	Generator="ctest-3.22.1"
	CompilerName=""
	CompilerVersion=""
	OSName="Linux"
	Hostname="mozeat-virtual-machine"
	OSRelease="5.15.0-30-generic"
	OSVersion="#31-Ubuntu SMP Thu May 5 10:00:34 UTC 2022"
	OSPlatform="x86_64"
	Is64Bits="1"
	VendorString="GenuineIntel"
	VendorID="Intel Corporation"
	FamilyID="6"
	ModelID="158"
	ProcessorCacheSize="9216"
	NumberOfLogicalCPU="2"
	NumberOfPhysicalCPU="2"
	TotalVirtualMemory="923"
	TotalPhysicalMemory="2966"
	LogicalProcessorsPerPhysical="1"
	ProcessorClockFrequency="2904"
	>
	<Testing>
		<StartDateTime>Apr 07 07:13 CST</StartDateTime>
		<StartTestTime>1775517197</StartTestTime>
		<TestList/>
		<EndDateTime>Apr 07 07:13 CST</EndDateTime>
		<EndTestTime>1775517197</EndTestTime>
		<ElapsedMinutes>0</ElapsedMinutes>
	</Testing>
</Site>
